<?xml version="1.0" encoding="UTF-8"?>
<!-- Generated by org.testng.reporters.JUnitXMLReporter -->
<testsuite ignored="0" hostname="idea-PC" failures="1" tests="5" name="Test" time="45.476" errors="0" timestamp="2022-05-11T06:39:29 IST">
  <testcase classname="com.crm.practice.RtryAnalyserTest" name="failedTestCase" time="0.018">
    <skipped/>
  </testcase> <!-- failedTestCase -->
  <testcase classname="com.crm.practice.RtryAnalyserTest" name="failedTestCase" time="0.002">
    <skipped/>
  </testcase> <!-- failedTestCase -->
  <testcase classname="com.crm.practice.RtryAnalyserTest" name="failedTestCase" time="0.003">
    <skipped/>
  </testcase> <!-- failedTestCase -->
  <testcase classname="com.crm.practice.RtryAnalyserTest" name="failedTestCase" time="0.002">
    <skipped/>
  </testcase> <!-- failedTestCase -->
  <testcase classname="com.crm.practice.RtryAnalyserTest" name="failedTestCase" time="0.002">
    <failure type="java.lang.AssertionError" message="expected [B] but found [a]">
      <![CDATA[java.lang.AssertionError: expected [B] but found [a]
at com.crm.practice.RtryAnalyserTest.failedTestCase(RtryAnalyserTest.java:13)
at java.base/java.util.ArrayList.forEach(ArrayList.java:1511)
... Removed 33 stack frames]]>
    </failure>
  </testcase> <!-- failedTestCase -->
</testsuite> <!-- Test -->
