<?xml version="1.0" encoding="UTF-8"?>
<!-- Generated by org.testng.reporters.JUnitXMLReporter -->
<testsuite ignored="0" hostname="idea-PC" failures="1" tests="2" name="Test-Runner-1" time="31.71" errors="0" timestamp="2022-05-06T14:46:57 IST">
  <testcase classname="com.crm.comcast.GenericUtility.BaseClassForVtiger" name="@AfterMethod logOutOfApplication" time="0.12">
    <failure type="org.openqa.selenium.interactions.MoveTargetOutOfBoundsException" message="(547, 18) is out of bounds of viewport width (454) and height (708)
Build info: version: &amp;apos;3.141.59&amp;apos;, revision: &amp;apos;e82be7d358&amp;apos;, time: &amp;apos;2018-11-14T08:17:03&amp;apos;
System info: host: &amp;apos;IDEA-PC&amp;apos;, ip: &amp;apos;192.168.43.101&amp;apos;, os.name: &amp;apos;Windows 8&amp;apos;, os.arch: &amp;apos;amd64&amp;apos;, os.version: &amp;apos;6.2&amp;apos;, java.version: &amp;apos;17.0.2&amp;apos;
Driver info: org.openqa.selenium.firefox.FirefoxDriver
Capabilities {acceptInsecureCerts: true, browserName: firefox, browserVersion: 100.0, javascriptEnabled: true, moz:accessibilityChecks: false, moz:buildID: 20220428192727, moz:geckodriverVersion: 0.30.0, moz:headless: false, moz:processID: 13444, moz:profile: C:\Users\BHASKA~1\AppData\L..., moz:shutdownTimeout: 60000, moz:useNonSpecCompliantPointerOrigin: false, moz:webdriverClick: true, pageLoadStrategy: normal, platform: WINDOWS, platformName: WINDOWS, platformVersion: 6.2, proxy: Proxy(), setWindowRect: true, strictFileInteractability: false, timeouts: {implicit: 0, pageLoad: 300000, script: 30000}, unhandledPromptBehavior: dismiss and notify}
Session ID: 528bd7a4-663a-4d32-872f-9083854c6bf3">
      <![CDATA[org.openqa.selenium.interactions.MoveTargetOutOfBoundsException: (547, 18) is out of bounds of viewport width (454) and height (708)
Build info: version: '3.141.59', revision: 'e82be7d358', time: '2018-11-14T08:17:03'
System info: host: 'IDEA-PC', ip: '192.168.43.101', os.name: 'Windows 8', os.arch: 'amd64', os.version: '6.2', java.version: '17.0.2'
Driver info: org.openqa.selenium.firefox.FirefoxDriver
Capabilities {acceptInsecureCerts: true, browserName: firefox, browserVersion: 100.0, javascriptEnabled: true, moz:accessibilityChecks: false, moz:buildID: 20220428192727, moz:geckodriverVersion: 0.30.0, moz:headless: false, moz:processID: 13444, moz:profile: C:\Users\BHASKA~1\AppData\L..., moz:shutdownTimeout: 60000, moz:useNonSpecCompliantPointerOrigin: false, moz:webdriverClick: true, pageLoadStrategy: normal, platform: WINDOWS, platformName: WINDOWS, platformVersion: 6.2, proxy: Proxy(), setWindowRect: true, strictFileInteractability: false, timeouts: {implicit: 0, pageLoad: 300000, script: 30000}, unhandledPromptBehavior: dismiss and notify}
Session ID: 528bd7a4-663a-4d32-872f-9083854c6bf3
at org.openqa.selenium.remote.http.W3CHttpResponseCodec.createException(W3CHttpResponseCodec.java:187)
at org.openqa.selenium.remote.http.W3CHttpResponseCodec.decode(W3CHttpResponseCodec.java:122)
at org.openqa.selenium.remote.http.W3CHttpResponseCodec.decode(W3CHttpResponseCodec.java:49)
at org.openqa.selenium.remote.HttpCommandExecutor.execute(HttpCommandExecutor.java:158)
at org.openqa.selenium.remote.service.DriverCommandExecutor.execute(DriverCommandExecutor.java:83)
at org.openqa.selenium.remote.RemoteWebDriver.execute(RemoteWebDriver.java:552)
at org.openqa.selenium.remote.RemoteWebDriver.perform(RemoteWebDriver.java:618)
at org.openqa.selenium.interactions.Actions$BuiltAction.perform(Actions.java:639)
at org.openqa.selenium.interactions.Actions.perform(Actions.java:595)
at com.crm.comcast.GenericUtility.WebDriverUtility.mouseHoveOnElement(WebDriverUtility.java:80)
at com.crm.comcast.Pom_Repo.HomePage.signout(HomePage.java:129)
at com.crm.comcast.GenericUtility.BaseClassForVtiger.logOutOfApplication(BaseClassForVtiger.java:86)
at java.base/java.util.ArrayList.forEach(ArrayList.java:1511)
at java.base/java.util.concurrent.FutureTask.run(FutureTask.java:264)
at java.base/java.util.concurrent.ThreadPoolExecutor.runWorker(ThreadPoolExecutor.java:1136)
at java.base/java.util.concurrent.ThreadPoolExecutor$Worker.run(ThreadPoolExecutor.java:635)
at java.base/java.lang.Thread.run(Thread.java:833)
... Removed 28 stack frames]]>
    </failure>
  </testcase> <!-- @AfterMethod logOutOfApplication -->
  <testcase classname="com.crm.comcast.GenericUtility.BaseClassForVtiger" name="@BeforeMethod logOInToApplication" time="-1.651828616921E9">
    <skipped/>
  </testcase> <!-- @BeforeMethod logOInToApplication -->
  <testcase classname="com.crm.comcast.GenericUtility.BaseClassForVtiger" name="@AfterMethod logOutOfApplication" time="-1.651828616934E9">
    <skipped/>
  </testcase> <!-- @AfterMethod logOutOfApplication -->
  <testcase classname="com.crm.comcast.GenericUtility.BaseClassForVtiger" name="@AfterClass closeApplicationWindow" time="-1.651828616939E9">
    <skipped/>
  </testcase> <!-- @AfterClass closeApplicationWindow -->
  <testcase classname="com.crm.comcast.CampaignsTest.Test.CreatingCampaignTest" name="createCampainTest" time="1.555">
    <failure type="org.openqa.selenium.interactions.MoveTargetOutOfBoundsException" message="(665, 63) is out of bounds of viewport width (454) and height (708)
Build info: version: &amp;apos;3.141.59&amp;apos;, revision: &amp;apos;e82be7d358&amp;apos;, time: &amp;apos;2018-11-14T08:17:03&amp;apos;
System info: host: &amp;apos;IDEA-PC&amp;apos;, ip: &amp;apos;192.168.43.101&amp;apos;, os.name: &amp;apos;Windows 8&amp;apos;, os.arch: &amp;apos;amd64&amp;apos;, os.version: &amp;apos;6.2&amp;apos;, java.version: &amp;apos;17.0.2&amp;apos;
Driver info: org.openqa.selenium.firefox.FirefoxDriver
Capabilities {acceptInsecureCerts: true, browserName: firefox, browserVersion: 100.0, javascriptEnabled: true, moz:accessibilityChecks: false, moz:buildID: 20220428192727, moz:geckodriverVersion: 0.30.0, moz:headless: false, moz:processID: 13444, moz:profile: C:\Users\BHASKA~1\AppData\L..., moz:shutdownTimeout: 60000, moz:useNonSpecCompliantPointerOrigin: false, moz:webdriverClick: true, pageLoadStrategy: normal, platform: WINDOWS, platformName: WINDOWS, platformVersion: 6.2, proxy: Proxy(), setWindowRect: true, strictFileInteractability: false, timeouts: {implicit: 0, pageLoad: 300000, script: 30000}, unhandledPromptBehavior: dismiss and notify}
Session ID: 528bd7a4-663a-4d32-872f-9083854c6bf3">
      <![CDATA[org.openqa.selenium.interactions.MoveTargetOutOfBoundsException: (665, 63) is out of bounds of viewport width (454) and height (708)
Build info: version: '3.141.59', revision: 'e82be7d358', time: '2018-11-14T08:17:03'
System info: host: 'IDEA-PC', ip: '192.168.43.101', os.name: 'Windows 8', os.arch: 'amd64', os.version: '6.2', java.version: '17.0.2'
Driver info: org.openqa.selenium.firefox.FirefoxDriver
Capabilities {acceptInsecureCerts: true, browserName: firefox, browserVersion: 100.0, javascriptEnabled: true, moz:accessibilityChecks: false, moz:buildID: 20220428192727, moz:geckodriverVersion: 0.30.0, moz:headless: false, moz:processID: 13444, moz:profile: C:\Users\BHASKA~1\AppData\L..., moz:shutdownTimeout: 60000, moz:useNonSpecCompliantPointerOrigin: false, moz:webdriverClick: true, pageLoadStrategy: normal, platform: WINDOWS, platformName: WINDOWS, platformVersion: 6.2, proxy: Proxy(), setWindowRect: true, strictFileInteractability: false, timeouts: {implicit: 0, pageLoad: 300000, script: 30000}, unhandledPromptBehavior: dismiss and notify}
Session ID: 528bd7a4-663a-4d32-872f-9083854c6bf3
at org.openqa.selenium.remote.http.W3CHttpResponseCodec.createException(W3CHttpResponseCodec.java:187)
at org.openqa.selenium.remote.http.W3CHttpResponseCodec.decode(W3CHttpResponseCodec.java:122)
at org.openqa.selenium.remote.http.W3CHttpResponseCodec.decode(W3CHttpResponseCodec.java:49)
at org.openqa.selenium.remote.HttpCommandExecutor.execute(HttpCommandExecutor.java:158)
at org.openqa.selenium.remote.service.DriverCommandExecutor.execute(DriverCommandExecutor.java:83)
at org.openqa.selenium.remote.RemoteWebDriver.execute(RemoteWebDriver.java:552)
at org.openqa.selenium.remote.RemoteWebDriver.perform(RemoteWebDriver.java:618)
at org.openqa.selenium.interactions.Actions$BuiltAction.perform(Actions.java:639)
at org.openqa.selenium.interactions.Actions.perform(Actions.java:595)
at com.crm.comcast.GenericUtility.WebDriverUtility.mouseHoveOnElement(WebDriverUtility.java:80)
at com.crm.comcast.Pom_Repo.HomePage.gotocampaignsPage(HomePage.java:137)
at com.crm.comcast.CampaignsTest.Test.CreatingCampaignTest.createCampainTest(CreatingCampaignTest.java:31)
at java.base/java.util.ArrayList.forEach(ArrayList.java:1511)
at java.base/java.util.concurrent.FutureTask.run(FutureTask.java:264)
at java.base/java.util.concurrent.ThreadPoolExecutor.runWorker(ThreadPoolExecutor.java:1136)
at java.base/java.util.concurrent.ThreadPoolExecutor$Worker.run(ThreadPoolExecutor.java:635)
at java.base/java.lang.Thread.run(Thread.java:833)
... Removed 23 stack frames]]>
    </failure>
  </testcase> <!-- createCampainTest -->
  <testcase classname="com.crm.comcast.CampaignsTest.Test.CreatingCampaignTest" name="createCampainWithProductTest" time="0.0">
    <skipped/>
  </testcase> <!-- createCampainWithProductTest -->
</testsuite> <!-- Test-Runner-1 -->
