<?xml version="1.0" encoding="UTF-8"?>
<!-- Generated by org.testng.reporters.JUnitXMLReporter -->
<testsuite ignored="4" hostname="idea-PC" failures="0" tests="7" name="Test-Runner-2" time="0.371" errors="0" timestamp="2022-05-06T12:53:22 IST">
  <testcase classname="com.crm.comcast.GenericUtility.BaseClassForVtiger" name="@BeforeClass launchApplicationWindow" time="-1.651821802102E9">
    <failure type="org.testng.TestNGException" message="
Parameter &amp;apos;browser&amp;apos; is required by BeforeClass on method launchApplicationWindow but has not been marked @Optional or defined
in D:\EclipseWorkSpace\WorkSpace1\SDET34-SELENIUM_FRAMEWORK\testngDistributedParallelExecution.xml">
      <![CDATA[org.testng.TestNGException: 
Parameter 'browser' is required by BeforeClass on method launchApplicationWindow but has not been marked @Optional or defined
in D:\EclipseWorkSpace\WorkSpace1\SDET34-SELENIUM_FRAMEWORK\testngDistributedParallelExecution.xml
at java.base/java.util.ArrayList.forEach(ArrayList.java:1511)
at java.base/java.util.concurrent.FutureTask.run(FutureTask.java:264)
at java.base/java.util.concurrent.ThreadPoolExecutor.runWorker(ThreadPoolExecutor.java:1136)
at java.base/java.util.concurrent.ThreadPoolExecutor$Worker.run(ThreadPoolExecutor.java:635)
at java.base/java.lang.Thread.run(Thread.java:833)
... Removed 13 stack frames]]>
    </failure>
  </testcase> <!-- @BeforeClass launchApplicationWindow -->
  <testcase classname="com.crm.comcast.GenericUtility.BaseClassForVtiger" name="@BeforeMethod logOInToApplication" time="-1.651821802139E9">
    <skipped/>
  </testcase> <!-- @BeforeMethod logOInToApplication -->
  <testcase classname="com.crm.comcast.GenericUtility.BaseClassForVtiger" name="@AfterMethod logOutOfApplication" time="-1.651821802182E9">
    <skipped/>
  </testcase> <!-- @AfterMethod logOutOfApplication -->
  <testcase classname="com.crm.comcast.GenericUtility.BaseClassForVtiger" name="@BeforeMethod logOInToApplication" time="-1.651821802191E9">
    <skipped/>
  </testcase> <!-- @BeforeMethod logOInToApplication -->
  <testcase classname="com.crm.comcast.GenericUtility.BaseClassForVtiger" name="@AfterMethod logOutOfApplication" time="-1.651821802202E9">
    <skipped/>
  </testcase> <!-- @AfterMethod logOutOfApplication -->
  <testcase classname="com.crm.comcast.GenericUtility.BaseClassForVtiger" name="@AfterClass closeApplicationWindow" time="-1.651821802216E9">
    <skipped/>
  </testcase> <!-- @AfterClass closeApplicationWindow -->
  <testcase classname="com.crm.comcast.GenericUtility.BaseClassForVtiger" name="@BeforeClass launchApplicationWindow" time="-1.651821802221E9">
    <failure type="org.testng.TestNGException" message="
Parameter &amp;apos;browser&amp;apos; is required by BeforeClass on method launchApplicationWindow but has not been marked @Optional or defined
in D:\EclipseWorkSpace\WorkSpace1\SDET34-SELENIUM_FRAMEWORK\testngDistributedParallelExecution.xml">
      <![CDATA[org.testng.TestNGException: 
Parameter 'browser' is required by BeforeClass on method launchApplicationWindow but has not been marked @Optional or defined
in D:\EclipseWorkSpace\WorkSpace1\SDET34-SELENIUM_FRAMEWORK\testngDistributedParallelExecution.xml
at java.base/java.util.ArrayList.forEach(ArrayList.java:1511)
at java.base/java.util.concurrent.FutureTask.run(FutureTask.java:264)
at java.base/java.util.concurrent.ThreadPoolExecutor.runWorker(ThreadPoolExecutor.java:1136)
at java.base/java.util.concurrent.ThreadPoolExecutor$Worker.run(ThreadPoolExecutor.java:635)
at java.base/java.lang.Thread.run(Thread.java:833)
... Removed 13 stack frames]]>
    </failure>
  </testcase> <!-- @BeforeClass launchApplicationWindow -->
  <testcase classname="com.crm.comcast.GenericUtility.BaseClassForVtiger" name="@BeforeMethod logOInToApplication" time="-1.651821802237E9">
    <skipped/>
  </testcase> <!-- @BeforeMethod logOInToApplication -->
  <testcase classname="com.crm.comcast.GenericUtility.BaseClassForVtiger" name="@AfterMethod logOutOfApplication" time="-1.651821802256E9">
    <skipped/>
  </testcase> <!-- @AfterMethod logOutOfApplication -->
  <testcase classname="com.crm.comcast.GenericUtility.BaseClassForVtiger" name="@BeforeMethod logOInToApplication" time="-1.651821802264E9">
    <skipped/>
  </testcase> <!-- @BeforeMethod logOInToApplication -->
  <testcase classname="com.crm.comcast.GenericUtility.BaseClassForVtiger" name="@AfterMethod logOutOfApplication" time="-1.651821802278E9">
    <skipped/>
  </testcase> <!-- @AfterMethod logOutOfApplication -->
  <testcase classname="com.crm.comcast.GenericUtility.BaseClassForVtiger" name="@BeforeMethod logOInToApplication" time="-1.651821802285E9">
    <skipped/>
  </testcase> <!-- @BeforeMethod logOInToApplication -->
  <testcase classname="com.crm.comcast.GenericUtility.BaseClassForVtiger" name="@AfterMethod logOutOfApplication" time="-1.651821802312E9">
    <skipped/>
  </testcase> <!-- @AfterMethod logOutOfApplication -->
  <testcase classname="com.crm.comcast.GenericUtility.BaseClassForVtiger" name="@BeforeMethod logOInToApplication" time="-1.651821802377E9">
    <skipped/>
  </testcase> <!-- @BeforeMethod logOInToApplication -->
  <testcase classname="com.crm.comcast.GenericUtility.BaseClassForVtiger" name="@AfterMethod logOutOfApplication" time="-1.651821802393E9">
    <skipped/>
  </testcase> <!-- @AfterMethod logOutOfApplication -->
  <testcase classname="com.crm.comcast.GenericUtility.BaseClassForVtiger" name="@BeforeMethod logOInToApplication" time="-1.651821802408E9">
    <skipped/>
  </testcase> <!-- @BeforeMethod logOInToApplication -->
  <testcase classname="com.crm.comcast.GenericUtility.BaseClassForVtiger" name="@AfterMethod logOutOfApplication" time="-1.651821802433E9">
    <skipped/>
  </testcase> <!-- @AfterMethod logOutOfApplication -->
  <testcase classname="com.crm.comcast.GenericUtility.BaseClassForVtiger" name="@AfterClass closeApplicationWindow" time="-1.651821802437E9">
    <skipped/>
  </testcase> <!-- @AfterClass closeApplicationWindow -->
  <testcase classname="com.crm.comcast.CampaignsTest.Test.CreatingCampaignTest" name="createCampainTest" time="0.0">
    <skipped/>
  </testcase> <!-- createCampainTest -->
  <testcase classname="com.crm.comcast.CampaignsTest.Test.CreatingCampaignTest" name="createCampainWithProductTest" time="0.0">
    <skipped/>
  </testcase> <!-- createCampainWithProductTest -->
  <testcase classname="com.crm.comcast.ContactTest.test.CreatingContactTest" name="contactEditTest" time="0.0">
    <skipped/>
  </testcase> <!-- contactEditTest -->
  <testcase classname="com.crm.comcast.ContactTest.test.CreatingContactTest" name="crateContactAndDeleteSameContactTest" time="0.0">
    <skipped/>
  </testcase> <!-- crateContactAndDeleteSameContactTest -->
  <testcase classname="com.crm.comcast.ContactTest.test.CreatingContactTest" name="crateContactWithoutMandatoryFieldTest" time="0.0">
    <skipped/>
  </testcase> <!-- crateContactWithoutMandatoryFieldTest -->
  <testcase classname="com.crm.comcast.ContactTest.test.CreatingContactTest" name="createContactInSupportGroupTest" time="0.0">
    <skipped/>
  </testcase> <!-- createContactInSupportGroupTest -->
  <testcase classname="com.crm.comcast.ContactTest.test.CreatingContactTest" name="deleteContactTest" time="0.0">
    <skipped/>
  </testcase> <!-- deleteContactTest -->
  <testcase classname="com.crm.comcast.GenericUtility.BaseClassForVtiger" name="@AfterTest closeBrowser" time="0.0">
    <ignored/>
  </testcase> <!-- @AfterTest closeBrowser -->
  <testcase classname="com.crm.comcast.GenericUtility.BaseClassForVtiger" name="@BeforeSuite openDataBaseConnection" time="0.0">
    <ignored/>
  </testcase> <!-- @BeforeSuite openDataBaseConnection -->
  <testcase classname="com.crm.comcast.GenericUtility.BaseClassForVtiger" name="@AfterSuite closeDataBaseConnection" time="0.0">
    <ignored/>
  </testcase> <!-- @AfterSuite closeDataBaseConnection -->
  <testcase classname="com.crm.comcast.GenericUtility.BaseClassForVtiger" name="@BeforeTest openBrowser" time="0.0">
    <ignored/>
  </testcase> <!-- @BeforeTest openBrowser -->
</testsuite> <!-- Test-Runner-2 -->
