<html>
<head>
<title>TestNG:  Test-Runner-1</title>
<link href="../testng.css" rel="stylesheet" type="text/css" />
<link href="../my-testng.css" rel="stylesheet" type="text/css" />

<style type="text/css">
.log { display: none;} 
.stack-trace { display: none;} 
</style>
<script type="text/javascript">
<!--
function flip(e) {
  current = e.style.display;
  if (current == 'block') {
    e.style.display = 'none';
    return 0;
  }
  else {
    e.style.display = 'block';
    return 1;
  }
}

function toggleBox(szDivId, elem, msg1, msg2)
{
  var res = -1;  if (document.getElementById) {
    res = flip(document.getElementById(szDivId));
  }
  else if (document.all) {
    // this is the way old msie versions work
    res = flip(document.all[szDivId]);
  }
  if(elem) {
    if(res == 0) elem.innerHTML = msg1; else elem.innerHTML = msg2;
  }

}

function toggleAllBoxes() {
  if (document.getElementsByTagName) {
    d = document.getElementsByTagName('div');
    for (i = 0; i < d.length; i++) {
      if (d[i].className == 'log') {
        flip(d[i]);
      }
    }
  }
}

// -->
</script>

</head>
<body>
<h2 align='center'>Test-Runner-1</h2><table border='1' align="center">
<tr>
<td>Tests passed/Failed/Skipped:</td><td>0/0/13</td>
</tr><tr>
<td>Started on:</td><td>Fri May 06 12:53:22 IST 2022</td>
</tr>
<tr><td>Total time:</td><td>1 seconds (1546 ms)</td>
</tr><tr>
<td>Included groups:</td><td></td>
</tr><tr>
<td>Excluded groups:</td><td></td>
</tr>
</table><p/>
<small><i>(Hover the method name to see the test class name)</i></small><p/>
<table width='100%' border='1' class='invocation-failed'>
<tr><td colspan='4' align='center'><b>FAILED CONFIGURATIONS</b></td></tr>
<tr><td><b>Test method</b></td>
<td width="30%"><b>Exception</b></td>
<td width="10%"><b>Time (seconds)</b></td>
<td><b>Instance</b></td>
</tr>
<tr>
<td title='com.crm.comcast.OrgTest.Test.CreatingOrganizationTest.launchApplicationWindow()'><b>launchApplicationWindow</b><br>Test class: com.crm.comcast.OrgTest.Test.CreatingOrganizationTest</td>
<td><div><pre>org.testng.TestNGException: 
Parameter &apos;browser&apos; is required by BeforeClass on method launchApplicationWindow but has not been marked @Optional or defined
in D:\EclipseWorkSpace\WorkSpace1\SDET34-SELENIUM_FRAMEWORK\testngDistributedParallelExecution.xml
	at java.base/java.util.ArrayList.forEach(ArrayList.java:1511)
	at java.base/java.util.concurrent.FutureTask.run(FutureTask.java:264)
	at java.base/java.util.concurrent.ThreadPoolExecutor.runWorker(ThreadPoolExecutor.java:1136)
	at java.base/java.util.concurrent.ThreadPoolExecutor$Worker.run(ThreadPoolExecutor.java:635)
	at java.base/java.lang.Thread.run(Thread.java:833)
... Removed 13 stack frames</pre></div><a href='#' onClick='toggleBox("stack-trace957335105", this, "Click to show all stack frames", "Click to hide stack frames")'>Click to show all stack frames</a>
<div class='stack-trace' id='stack-trace957335105'><pre>org.testng.TestNGException: 
Parameter &apos;browser&apos; is required by BeforeClass on method launchApplicationWindow but has not been marked @Optional or defined
in D:\EclipseWorkSpace\WorkSpace1\SDET34-SELENIUM_FRAMEWORK\testngDistributedParallelExecution.xml
	at org.testng.internal.Parameters.createParams(Parameters.java:270)
	at org.testng.internal.Parameters.createParametersForMethod(Parameters.java:358)
	at org.testng.internal.Parameters.createParameters(Parameters.java:700)
	at org.testng.internal.Parameters.createConfigurationParameters(Parameters.java:168)
	at org.testng.internal.ConfigInvoker.invokeConfigurations(ConfigInvoker.java:302)
	at org.testng.internal.TestMethodWorker.invokeBeforeClassMethods(TestMethodWorker.java:176)
	at org.testng.internal.TestMethodWorker.run(TestMethodWorker.java:122)
	at java.base/java.util.ArrayList.forEach(ArrayList.java:1511)
	at org.testng.TestRunner.privateRun(TestRunner.java:794)
	at org.testng.TestRunner.run(TestRunner.java:596)
	at org.testng.SuiteRunner.runTest(SuiteRunner.java:377)
	at org.testng.SuiteRunner.access$000(SuiteRunner.java:28)
	at org.testng.SuiteRunner$SuiteWorker.run(SuiteRunner.java:418)
	at org.testng.internal.thread.ThreadUtil.lambda$execute$0(ThreadUtil.java:64)
	at java.base/java.util.concurrent.FutureTask.run(FutureTask.java:264)
	at java.base/java.util.concurrent.ThreadPoolExecutor.runWorker(ThreadPoolExecutor.java:1136)
	at java.base/java.util.concurrent.ThreadPoolExecutor$Worker.run(ThreadPoolExecutor.java:635)
	at java.base/java.lang.Thread.run(Thread.java:833)
</pre></div></td>
<td>-1651821802</td>
<td>com.crm.comcast.OrgTest.Test.CreatingOrganizationTest@4738a206</td></tr>
</table><p>
<table width='100%' border='1' class='invocation-skipped'>
<tr><td colspan='4' align='center'><b>SKIPPED CONFIGURATIONS</b></td></tr>
<tr><td><b>Test method</b></td>
<td width="30%"><b>Exception</b></td>
<td width="10%"><b>Time (seconds)</b></td>
<td><b>Instance</b></td>
</tr>
<tr>
<td title='com.crm.comcast.OrgTest.Test.CreatingOrganizationTest.logOInToApplication()'><b>logOInToApplication</b><br>Test class: com.crm.comcast.OrgTest.Test.CreatingOrganizationTest</td>
<td></td>
<td>-1651821803</td>
<td>com.crm.comcast.OrgTest.Test.CreatingOrganizationTest@4738a206</td></tr>
<tr>
<td title='com.crm.comcast.OrgTest.Test.CreatingOrganizationTest.logOInToApplication()'><b>logOInToApplication</b><br>Test class: com.crm.comcast.OrgTest.Test.CreatingOrganizationTest</td>
<td></td>
<td>-1651821803</td>
<td>com.crm.comcast.OrgTest.Test.CreatingOrganizationTest@4738a206</td></tr>
<tr>
<td title='com.crm.comcast.OrgTest.Test.CreatingOrganizationTest.logOutOfApplication()'><b>logOutOfApplication</b><br>Test class: com.crm.comcast.OrgTest.Test.CreatingOrganizationTest</td>
<td></td>
<td>-1651821803</td>
<td>com.crm.comcast.OrgTest.Test.CreatingOrganizationTest@4738a206</td></tr>
<tr>
<td title='com.crm.comcast.OrgTest.Test.CreatingOrganizationTest.logOInToApplication()'><b>logOInToApplication</b><br>Test class: com.crm.comcast.OrgTest.Test.CreatingOrganizationTest</td>
<td></td>
<td>-1651821802</td>
<td>com.crm.comcast.OrgTest.Test.CreatingOrganizationTest@4738a206</td></tr>
<tr>
<td title='com.crm.comcast.OrgTest.Test.CreatingOrganizationTest.logOutOfApplication()'><b>logOutOfApplication</b><br>Test class: com.crm.comcast.OrgTest.Test.CreatingOrganizationTest</td>
<td></td>
<td>-1651821803</td>
<td>com.crm.comcast.OrgTest.Test.CreatingOrganizationTest@4738a206</td></tr>
<tr>
<td title='com.crm.comcast.OrgTest.Test.CreatingOrganizationTest.logOInToApplication()'><b>logOInToApplication</b><br>Test class: com.crm.comcast.OrgTest.Test.CreatingOrganizationTest</td>
<td></td>
<td>-1651821803</td>
<td>com.crm.comcast.OrgTest.Test.CreatingOrganizationTest@4738a206</td></tr>
<tr>
<td title='com.crm.comcast.OrgTest.Test.CreatingOrganizationTest.logOInToApplication()'><b>logOInToApplication</b><br>Test class: com.crm.comcast.OrgTest.Test.CreatingOrganizationTest</td>
<td></td>
<td>-1651821803</td>
<td>com.crm.comcast.OrgTest.Test.CreatingOrganizationTest@4738a206</td></tr>
<tr>
<td title='com.crm.comcast.OrgTest.Test.CreatingOrganizationTest.logOutOfApplication()'><b>logOutOfApplication</b><br>Test class: com.crm.comcast.OrgTest.Test.CreatingOrganizationTest</td>
<td></td>
<td>-1651821803</td>
<td>com.crm.comcast.OrgTest.Test.CreatingOrganizationTest@4738a206</td></tr>
<tr>
<td title='com.crm.comcast.OrgTest.Test.CreatingOrganizationTest.logOutOfApplication()'><b>logOutOfApplication</b><br>Test class: com.crm.comcast.OrgTest.Test.CreatingOrganizationTest</td>
<td></td>
<td>-1651821803</td>
<td>com.crm.comcast.OrgTest.Test.CreatingOrganizationTest@4738a206</td></tr>
<tr>
<td title='com.crm.comcast.OrgTest.Test.CreatingOrganizationTest.logOutOfApplication()'><b>logOutOfApplication</b><br>Test class: com.crm.comcast.OrgTest.Test.CreatingOrganizationTest</td>
<td></td>
<td>-1651821803</td>
<td>com.crm.comcast.OrgTest.Test.CreatingOrganizationTest@4738a206</td></tr>
<tr>
<td title='com.crm.comcast.OrgTest.Test.CreatingOrganizationTest.logOInToApplication()'><b>logOInToApplication</b><br>Test class: com.crm.comcast.OrgTest.Test.CreatingOrganizationTest</td>
<td></td>
<td>-1651821803</td>
<td>com.crm.comcast.OrgTest.Test.CreatingOrganizationTest@4738a206</td></tr>
<tr>
<td title='com.crm.comcast.OrgTest.Test.CreatingOrganizationTest.logOutOfApplication()'><b>logOutOfApplication</b><br>Test class: com.crm.comcast.OrgTest.Test.CreatingOrganizationTest</td>
<td></td>
<td>-1651821803</td>
<td>com.crm.comcast.OrgTest.Test.CreatingOrganizationTest@4738a206</td></tr>
<tr>
<td title='com.crm.comcast.OrgTest.Test.CreatingOrganizationTest.logOInToApplication()'><b>logOInToApplication</b><br>Test class: com.crm.comcast.OrgTest.Test.CreatingOrganizationTest</td>
<td></td>
<td>-1651821803</td>
<td>com.crm.comcast.OrgTest.Test.CreatingOrganizationTest@4738a206</td></tr>
<tr>
<td title='com.crm.comcast.OrgTest.Test.CreatingOrganizationTest.closeApplicationWindow()'><b>closeApplicationWindow</b><br>Test class: com.crm.comcast.OrgTest.Test.CreatingOrganizationTest</td>
<td></td>
<td>-1651821803</td>
<td>com.crm.comcast.OrgTest.Test.CreatingOrganizationTest@4738a206</td></tr>
<tr>
<td title='com.crm.comcast.OrgTest.Test.CreatingOrganizationTest.logOInToApplication()'><b>logOInToApplication</b><br>Test class: com.crm.comcast.OrgTest.Test.CreatingOrganizationTest</td>
<td></td>
<td>-1651821803</td>
<td>com.crm.comcast.OrgTest.Test.CreatingOrganizationTest@4738a206</td></tr>
<tr>
<td title='com.crm.comcast.OrgTest.Test.CreatingOrganizationTest.logOutOfApplication()'><b>logOutOfApplication</b><br>Test class: com.crm.comcast.OrgTest.Test.CreatingOrganizationTest</td>
<td></td>
<td>-1651821803</td>
<td>com.crm.comcast.OrgTest.Test.CreatingOrganizationTest@4738a206</td></tr>
<tr>
<td title='com.crm.comcast.OrgTest.Test.CreatingOrganizationTest.logOutOfApplication()'><b>logOutOfApplication</b><br>Test class: com.crm.comcast.OrgTest.Test.CreatingOrganizationTest</td>
<td></td>
<td>-1651821802</td>
<td>com.crm.comcast.OrgTest.Test.CreatingOrganizationTest@4738a206</td></tr>
<tr>
<td title='com.crm.comcast.OrgTest.Test.CreatingOrganizationTest.logOutOfApplication()'><b>logOutOfApplication</b><br>Test class: com.crm.comcast.OrgTest.Test.CreatingOrganizationTest</td>
<td></td>
<td>-1651821803</td>
<td>com.crm.comcast.OrgTest.Test.CreatingOrganizationTest@4738a206</td></tr>
<tr>
<td title='com.crm.comcast.OrgTest.Test.CreatingOrganizationTest.logOInToApplication()'><b>logOInToApplication</b><br>Test class: com.crm.comcast.OrgTest.Test.CreatingOrganizationTest</td>
<td></td>
<td>-1651821803</td>
<td>com.crm.comcast.OrgTest.Test.CreatingOrganizationTest@4738a206</td></tr>
<tr>
<td title='com.crm.comcast.OrgTest.Test.CreatingOrganizationTest.logOutOfApplication()'><b>logOutOfApplication</b><br>Test class: com.crm.comcast.OrgTest.Test.CreatingOrganizationTest</td>
<td></td>
<td>-1651821803</td>
<td>com.crm.comcast.OrgTest.Test.CreatingOrganizationTest@4738a206</td></tr>
<tr>
<td title='com.crm.comcast.OrgTest.Test.CreatingOrganizationTest.logOutOfApplication()'><b>logOutOfApplication</b><br>Test class: com.crm.comcast.OrgTest.Test.CreatingOrganizationTest</td>
<td></td>
<td>-1651821803</td>
<td>com.crm.comcast.OrgTest.Test.CreatingOrganizationTest@4738a206</td></tr>
<tr>
<td title='com.crm.comcast.OrgTest.Test.CreatingOrganizationTest.logOutOfApplication()'><b>logOutOfApplication</b><br>Test class: com.crm.comcast.OrgTest.Test.CreatingOrganizationTest</td>
<td></td>
<td>-1651821803</td>
<td>com.crm.comcast.OrgTest.Test.CreatingOrganizationTest@4738a206</td></tr>
<tr>
<td title='com.crm.comcast.OrgTest.Test.CreatingOrganizationTest.logOInToApplication()'><b>logOInToApplication</b><br>Test class: com.crm.comcast.OrgTest.Test.CreatingOrganizationTest</td>
<td></td>
<td>-1651821803</td>
<td>com.crm.comcast.OrgTest.Test.CreatingOrganizationTest@4738a206</td></tr>
<tr>
<td title='com.crm.comcast.OrgTest.Test.CreatingOrganizationTest.logOInToApplication()'><b>logOInToApplication</b><br>Test class: com.crm.comcast.OrgTest.Test.CreatingOrganizationTest</td>
<td></td>
<td>-1651821803</td>
<td>com.crm.comcast.OrgTest.Test.CreatingOrganizationTest@4738a206</td></tr>
<tr>
<td title='com.crm.comcast.OrgTest.Test.CreatingOrganizationTest.logOInToApplication()'><b>logOInToApplication</b><br>Test class: com.crm.comcast.OrgTest.Test.CreatingOrganizationTest</td>
<td></td>
<td>-1651821803</td>
<td>com.crm.comcast.OrgTest.Test.CreatingOrganizationTest@4738a206</td></tr>
<tr>
<td title='com.crm.comcast.OrgTest.Test.CreatingOrganizationTest.logOutOfApplication()'><b>logOutOfApplication</b><br>Test class: com.crm.comcast.OrgTest.Test.CreatingOrganizationTest</td>
<td></td>
<td>-1651821803</td>
<td>com.crm.comcast.OrgTest.Test.CreatingOrganizationTest@4738a206</td></tr>
<tr>
<td title='com.crm.comcast.OrgTest.Test.CreatingOrganizationTest.logOInToApplication()'><b>logOInToApplication</b><br>Test class: com.crm.comcast.OrgTest.Test.CreatingOrganizationTest</td>
<td></td>
<td>-1651821803</td>
<td>com.crm.comcast.OrgTest.Test.CreatingOrganizationTest@4738a206</td></tr>
</table><p>
<table width='100%' border='1' class='invocation-skipped'>
<tr><td colspan='4' align='center'><b>SKIPPED TESTS</b></td></tr>
<tr><td><b>Test method</b></td>
<td width="30%"><b>Exception</b></td>
<td width="10%"><b>Time (seconds)</b></td>
<td><b>Instance</b></td>
</tr>
<tr>
<td title='com.crm.comcast.OrgTest.Test.CreatingOrganizationTest.createOrganizationUsingDataProviderTest()'><b>createOrganizationUsingDataProviderTest</b><br>Test class: com.crm.comcast.OrgTest.Test.CreatingOrganizationTest<br>Parameters: Reliance, Retail</td>
<td><div><pre>org.testng.TestNGException: 
Parameter &apos;browser&apos; is required by BeforeClass on method launchApplicationWindow but has not been marked @Optional or defined
in D:\EclipseWorkSpace\WorkSpace1\SDET34-SELENIUM_FRAMEWORK\testngDistributedParallelExecution.xml
	at java.base/java.util.ArrayList.forEach(ArrayList.java:1511)
	at java.base/java.util.concurrent.FutureTask.run(FutureTask.java:264)
	at java.base/java.util.concurrent.ThreadPoolExecutor.runWorker(ThreadPoolExecutor.java:1136)
	at java.base/java.util.concurrent.ThreadPoolExecutor$Worker.run(ThreadPoolExecutor.java:635)
	at java.base/java.lang.Thread.run(Thread.java:833)
... Removed 13 stack frames</pre></div><a href='#' onClick='toggleBox("stack-trace1914464317", this, "Click to show all stack frames", "Click to hide stack frames")'>Click to show all stack frames</a>
<div class='stack-trace' id='stack-trace1914464317'><pre>org.testng.TestNGException: 
Parameter &apos;browser&apos; is required by BeforeClass on method launchApplicationWindow but has not been marked @Optional or defined
in D:\EclipseWorkSpace\WorkSpace1\SDET34-SELENIUM_FRAMEWORK\testngDistributedParallelExecution.xml
	at org.testng.internal.Parameters.createParams(Parameters.java:270)
	at org.testng.internal.Parameters.createParametersForMethod(Parameters.java:358)
	at org.testng.internal.Parameters.createParameters(Parameters.java:700)
	at org.testng.internal.Parameters.createConfigurationParameters(Parameters.java:168)
	at org.testng.internal.ConfigInvoker.invokeConfigurations(ConfigInvoker.java:302)
	at org.testng.internal.TestMethodWorker.invokeBeforeClassMethods(TestMethodWorker.java:176)
	at org.testng.internal.TestMethodWorker.run(TestMethodWorker.java:122)
	at java.base/java.util.ArrayList.forEach(ArrayList.java:1511)
	at org.testng.TestRunner.privateRun(TestRunner.java:794)
	at org.testng.TestRunner.run(TestRunner.java:596)
	at org.testng.SuiteRunner.runTest(SuiteRunner.java:377)
	at org.testng.SuiteRunner.access$000(SuiteRunner.java:28)
	at org.testng.SuiteRunner$SuiteWorker.run(SuiteRunner.java:418)
	at org.testng.internal.thread.ThreadUtil.lambda$execute$0(ThreadUtil.java:64)
	at java.base/java.util.concurrent.FutureTask.run(FutureTask.java:264)
	at java.base/java.util.concurrent.ThreadPoolExecutor.runWorker(ThreadPoolExecutor.java:1136)
	at java.base/java.util.concurrent.ThreadPoolExecutor$Worker.run(ThreadPoolExecutor.java:635)
	at java.base/java.lang.Thread.run(Thread.java:833)
</pre></div></td>
<td>0</td>
<td>com.crm.comcast.OrgTest.Test.CreatingOrganizationTest@4738a206</td></tr>
<tr>
<td title='com.crm.comcast.OrgTest.Test.CreatingOrganizationTest.createOrganizationTest()'><b>createOrganizationTest</b><br>Test class: com.crm.comcast.OrgTest.Test.CreatingOrganizationTest</td>
<td><div><pre>org.testng.TestNGException: 
Parameter &apos;browser&apos; is required by BeforeClass on method launchApplicationWindow but has not been marked @Optional or defined
in D:\EclipseWorkSpace\WorkSpace1\SDET34-SELENIUM_FRAMEWORK\testngDistributedParallelExecution.xml
	at java.base/java.util.ArrayList.forEach(ArrayList.java:1511)
	at java.base/java.util.concurrent.FutureTask.run(FutureTask.java:264)
	at java.base/java.util.concurrent.ThreadPoolExecutor.runWorker(ThreadPoolExecutor.java:1136)
	at java.base/java.util.concurrent.ThreadPoolExecutor$Worker.run(ThreadPoolExecutor.java:635)
	at java.base/java.lang.Thread.run(Thread.java:833)
... Removed 13 stack frames</pre></div><a href='#' onClick='toggleBox("stack-trace463266430", this, "Click to show all stack frames", "Click to hide stack frames")'>Click to show all stack frames</a>
<div class='stack-trace' id='stack-trace463266430'><pre>org.testng.TestNGException: 
Parameter &apos;browser&apos; is required by BeforeClass on method launchApplicationWindow but has not been marked @Optional or defined
in D:\EclipseWorkSpace\WorkSpace1\SDET34-SELENIUM_FRAMEWORK\testngDistributedParallelExecution.xml
	at org.testng.internal.Parameters.createParams(Parameters.java:270)
	at org.testng.internal.Parameters.createParametersForMethod(Parameters.java:358)
	at org.testng.internal.Parameters.createParameters(Parameters.java:700)
	at org.testng.internal.Parameters.createConfigurationParameters(Parameters.java:168)
	at org.testng.internal.ConfigInvoker.invokeConfigurations(ConfigInvoker.java:302)
	at org.testng.internal.TestMethodWorker.invokeBeforeClassMethods(TestMethodWorker.java:176)
	at org.testng.internal.TestMethodWorker.run(TestMethodWorker.java:122)
	at java.base/java.util.ArrayList.forEach(ArrayList.java:1511)
	at org.testng.TestRunner.privateRun(TestRunner.java:794)
	at org.testng.TestRunner.run(TestRunner.java:596)
	at org.testng.SuiteRunner.runTest(SuiteRunner.java:377)
	at org.testng.SuiteRunner.access$000(SuiteRunner.java:28)
	at org.testng.SuiteRunner$SuiteWorker.run(SuiteRunner.java:418)
	at org.testng.internal.thread.ThreadUtil.lambda$execute$0(ThreadUtil.java:64)
	at java.base/java.util.concurrent.FutureTask.run(FutureTask.java:264)
	at java.base/java.util.concurrent.ThreadPoolExecutor.runWorker(ThreadPoolExecutor.java:1136)
	at java.base/java.util.concurrent.ThreadPoolExecutor$Worker.run(ThreadPoolExecutor.java:635)
	at java.base/java.lang.Thread.run(Thread.java:833)
</pre></div></td>
<td>0</td>
<td>com.crm.comcast.OrgTest.Test.CreatingOrganizationTest@4738a206</td></tr>
<tr>
<td title='com.crm.comcast.OrgTest.Test.CreatingOrganizationTest.createOrganizationUsingDataProviderTest()'><b>createOrganizationUsingDataProviderTest</b><br>Test class: com.crm.comcast.OrgTest.Test.CreatingOrganizationTest<br>Parameters: BitsPilani, Education</td>
<td><div><pre>org.testng.TestNGException: 
Parameter &apos;browser&apos; is required by BeforeClass on method launchApplicationWindow but has not been marked @Optional or defined
in D:\EclipseWorkSpace\WorkSpace1\SDET34-SELENIUM_FRAMEWORK\testngDistributedParallelExecution.xml
	at java.base/java.util.ArrayList.forEach(ArrayList.java:1511)
	at java.base/java.util.concurrent.FutureTask.run(FutureTask.java:264)
	at java.base/java.util.concurrent.ThreadPoolExecutor.runWorker(ThreadPoolExecutor.java:1136)
	at java.base/java.util.concurrent.ThreadPoolExecutor$Worker.run(ThreadPoolExecutor.java:635)
	at java.base/java.lang.Thread.run(Thread.java:833)
... Removed 13 stack frames</pre></div><a href='#' onClick='toggleBox("stack-trace1774457959", this, "Click to show all stack frames", "Click to hide stack frames")'>Click to show all stack frames</a>
<div class='stack-trace' id='stack-trace1774457959'><pre>org.testng.TestNGException: 
Parameter &apos;browser&apos; is required by BeforeClass on method launchApplicationWindow but has not been marked @Optional or defined
in D:\EclipseWorkSpace\WorkSpace1\SDET34-SELENIUM_FRAMEWORK\testngDistributedParallelExecution.xml
	at org.testng.internal.Parameters.createParams(Parameters.java:270)
	at org.testng.internal.Parameters.createParametersForMethod(Parameters.java:358)
	at org.testng.internal.Parameters.createParameters(Parameters.java:700)
	at org.testng.internal.Parameters.createConfigurationParameters(Parameters.java:168)
	at org.testng.internal.ConfigInvoker.invokeConfigurations(ConfigInvoker.java:302)
	at org.testng.internal.TestMethodWorker.invokeBeforeClassMethods(TestMethodWorker.java:176)
	at org.testng.internal.TestMethodWorker.run(TestMethodWorker.java:122)
	at java.base/java.util.ArrayList.forEach(ArrayList.java:1511)
	at org.testng.TestRunner.privateRun(TestRunner.java:794)
	at org.testng.TestRunner.run(TestRunner.java:596)
	at org.testng.SuiteRunner.runTest(SuiteRunner.java:377)
	at org.testng.SuiteRunner.access$000(SuiteRunner.java:28)
	at org.testng.SuiteRunner$SuiteWorker.run(SuiteRunner.java:418)
	at org.testng.internal.thread.ThreadUtil.lambda$execute$0(ThreadUtil.java:64)
	at java.base/java.util.concurrent.FutureTask.run(FutureTask.java:264)
	at java.base/java.util.concurrent.ThreadPoolExecutor.runWorker(ThreadPoolExecutor.java:1136)
	at java.base/java.util.concurrent.ThreadPoolExecutor$Worker.run(ThreadPoolExecutor.java:635)
	at java.base/java.lang.Thread.run(Thread.java:833)
</pre></div></td>
<td>0</td>
<td>com.crm.comcast.OrgTest.Test.CreatingOrganizationTest@4738a206</td></tr>
<tr>
<td title='com.crm.comcast.OrgTest.Test.CreatingOrganizationTest.createOrganizationUsingDataProviderTest()'><b>createOrganizationUsingDataProviderTest</b><br>Test class: com.crm.comcast.OrgTest.Test.CreatingOrganizationTest<br>Parameters: ISRO, Government</td>
<td><div><pre>org.testng.TestNGException: 
Parameter &apos;browser&apos; is required by BeforeClass on method launchApplicationWindow but has not been marked @Optional or defined
in D:\EclipseWorkSpace\WorkSpace1\SDET34-SELENIUM_FRAMEWORK\testngDistributedParallelExecution.xml
	at java.base/java.util.ArrayList.forEach(ArrayList.java:1511)
	at java.base/java.util.concurrent.FutureTask.run(FutureTask.java:264)
	at java.base/java.util.concurrent.ThreadPoolExecutor.runWorker(ThreadPoolExecutor.java:1136)
	at java.base/java.util.concurrent.ThreadPoolExecutor$Worker.run(ThreadPoolExecutor.java:635)
	at java.base/java.lang.Thread.run(Thread.java:833)
... Removed 13 stack frames</pre></div><a href='#' onClick='toggleBox("stack-trace421810465", this, "Click to show all stack frames", "Click to hide stack frames")'>Click to show all stack frames</a>
<div class='stack-trace' id='stack-trace421810465'><pre>org.testng.TestNGException: 
Parameter &apos;browser&apos; is required by BeforeClass on method launchApplicationWindow but has not been marked @Optional or defined
in D:\EclipseWorkSpace\WorkSpace1\SDET34-SELENIUM_FRAMEWORK\testngDistributedParallelExecution.xml
	at org.testng.internal.Parameters.createParams(Parameters.java:270)
	at org.testng.internal.Parameters.createParametersForMethod(Parameters.java:358)
	at org.testng.internal.Parameters.createParameters(Parameters.java:700)
	at org.testng.internal.Parameters.createConfigurationParameters(Parameters.java:168)
	at org.testng.internal.ConfigInvoker.invokeConfigurations(ConfigInvoker.java:302)
	at org.testng.internal.TestMethodWorker.invokeBeforeClassMethods(TestMethodWorker.java:176)
	at org.testng.internal.TestMethodWorker.run(TestMethodWorker.java:122)
	at java.base/java.util.ArrayList.forEach(ArrayList.java:1511)
	at org.testng.TestRunner.privateRun(TestRunner.java:794)
	at org.testng.TestRunner.run(TestRunner.java:596)
	at org.testng.SuiteRunner.runTest(SuiteRunner.java:377)
	at org.testng.SuiteRunner.access$000(SuiteRunner.java:28)
	at org.testng.SuiteRunner$SuiteWorker.run(SuiteRunner.java:418)
	at org.testng.internal.thread.ThreadUtil.lambda$execute$0(ThreadUtil.java:64)
	at java.base/java.util.concurrent.FutureTask.run(FutureTask.java:264)
	at java.base/java.util.concurrent.ThreadPoolExecutor.runWorker(ThreadPoolExecutor.java:1136)
	at java.base/java.util.concurrent.ThreadPoolExecutor$Worker.run(ThreadPoolExecutor.java:635)
	at java.base/java.lang.Thread.run(Thread.java:833)
</pre></div></td>
<td>0</td>
<td>com.crm.comcast.OrgTest.Test.CreatingOrganizationTest@4738a206</td></tr>
<tr>
<td title='com.crm.comcast.OrgTest.Test.CreatingOrganizationTest.createOrganizationUsingDataProviderTest()'><b>createOrganizationUsingDataProviderTest</b><br>Test class: com.crm.comcast.OrgTest.Test.CreatingOrganizationTest<br>Parameters: Tata Housing Ltd, Construction</td>
<td><div><pre>org.testng.TestNGException: 
Parameter &apos;browser&apos; is required by BeforeClass on method launchApplicationWindow but has not been marked @Optional or defined
in D:\EclipseWorkSpace\WorkSpace1\SDET34-SELENIUM_FRAMEWORK\testngDistributedParallelExecution.xml
	at java.base/java.util.ArrayList.forEach(ArrayList.java:1511)
	at java.base/java.util.concurrent.FutureTask.run(FutureTask.java:264)
	at java.base/java.util.concurrent.ThreadPoolExecutor.runWorker(ThreadPoolExecutor.java:1136)
	at java.base/java.util.concurrent.ThreadPoolExecutor$Worker.run(ThreadPoolExecutor.java:635)
	at java.base/java.lang.Thread.run(Thread.java:833)
... Removed 13 stack frames</pre></div><a href='#' onClick='toggleBox("stack-trace1648573062", this, "Click to show all stack frames", "Click to hide stack frames")'>Click to show all stack frames</a>
<div class='stack-trace' id='stack-trace1648573062'><pre>org.testng.TestNGException: 
Parameter &apos;browser&apos; is required by BeforeClass on method launchApplicationWindow but has not been marked @Optional or defined
in D:\EclipseWorkSpace\WorkSpace1\SDET34-SELENIUM_FRAMEWORK\testngDistributedParallelExecution.xml
	at org.testng.internal.Parameters.createParams(Parameters.java:270)
	at org.testng.internal.Parameters.createParametersForMethod(Parameters.java:358)
	at org.testng.internal.Parameters.createParameters(Parameters.java:700)
	at org.testng.internal.Parameters.createConfigurationParameters(Parameters.java:168)
	at org.testng.internal.ConfigInvoker.invokeConfigurations(ConfigInvoker.java:302)
	at org.testng.internal.TestMethodWorker.invokeBeforeClassMethods(TestMethodWorker.java:176)
	at org.testng.internal.TestMethodWorker.run(TestMethodWorker.java:122)
	at java.base/java.util.ArrayList.forEach(ArrayList.java:1511)
	at org.testng.TestRunner.privateRun(TestRunner.java:794)
	at org.testng.TestRunner.run(TestRunner.java:596)
	at org.testng.SuiteRunner.runTest(SuiteRunner.java:377)
	at org.testng.SuiteRunner.access$000(SuiteRunner.java:28)
	at org.testng.SuiteRunner$SuiteWorker.run(SuiteRunner.java:418)
	at org.testng.internal.thread.ThreadUtil.lambda$execute$0(ThreadUtil.java:64)
	at java.base/java.util.concurrent.FutureTask.run(FutureTask.java:264)
	at java.base/java.util.concurrent.ThreadPoolExecutor.runWorker(ThreadPoolExecutor.java:1136)
	at java.base/java.util.concurrent.ThreadPoolExecutor$Worker.run(ThreadPoolExecutor.java:635)
	at java.base/java.lang.Thread.run(Thread.java:833)
</pre></div></td>
<td>0</td>
<td>com.crm.comcast.OrgTest.Test.CreatingOrganizationTest@4738a206</td></tr>
<tr>
<td title='com.crm.comcast.OrgTest.Test.CreatingOrganizationTest.createOrganizationUsingDataProviderTest()'><b>createOrganizationUsingDataProviderTest</b><br>Test class: com.crm.comcast.OrgTest.Test.CreatingOrganizationTest<br>Parameters: Tata Defence, Machinery</td>
<td><div><pre>org.testng.TestNGException: 
Parameter &apos;browser&apos; is required by BeforeClass on method launchApplicationWindow but has not been marked @Optional or defined
in D:\EclipseWorkSpace\WorkSpace1\SDET34-SELENIUM_FRAMEWORK\testngDistributedParallelExecution.xml
	at java.base/java.util.ArrayList.forEach(ArrayList.java:1511)
	at java.base/java.util.concurrent.FutureTask.run(FutureTask.java:264)
	at java.base/java.util.concurrent.ThreadPoolExecutor.runWorker(ThreadPoolExecutor.java:1136)
	at java.base/java.util.concurrent.ThreadPoolExecutor$Worker.run(ThreadPoolExecutor.java:635)
	at java.base/java.lang.Thread.run(Thread.java:833)
... Removed 13 stack frames</pre></div><a href='#' onClick='toggleBox("stack-trace1350041372", this, "Click to show all stack frames", "Click to hide stack frames")'>Click to show all stack frames</a>
<div class='stack-trace' id='stack-trace1350041372'><pre>org.testng.TestNGException: 
Parameter &apos;browser&apos; is required by BeforeClass on method launchApplicationWindow but has not been marked @Optional or defined
in D:\EclipseWorkSpace\WorkSpace1\SDET34-SELENIUM_FRAMEWORK\testngDistributedParallelExecution.xml
	at org.testng.internal.Parameters.createParams(Parameters.java:270)
	at org.testng.internal.Parameters.createParametersForMethod(Parameters.java:358)
	at org.testng.internal.Parameters.createParameters(Parameters.java:700)
	at org.testng.internal.Parameters.createConfigurationParameters(Parameters.java:168)
	at org.testng.internal.ConfigInvoker.invokeConfigurations(ConfigInvoker.java:302)
	at org.testng.internal.TestMethodWorker.invokeBeforeClassMethods(TestMethodWorker.java:176)
	at org.testng.internal.TestMethodWorker.run(TestMethodWorker.java:122)
	at java.base/java.util.ArrayList.forEach(ArrayList.java:1511)
	at org.testng.TestRunner.privateRun(TestRunner.java:794)
	at org.testng.TestRunner.run(TestRunner.java:596)
	at org.testng.SuiteRunner.runTest(SuiteRunner.java:377)
	at org.testng.SuiteRunner.access$000(SuiteRunner.java:28)
	at org.testng.SuiteRunner$SuiteWorker.run(SuiteRunner.java:418)
	at org.testng.internal.thread.ThreadUtil.lambda$execute$0(ThreadUtil.java:64)
	at java.base/java.util.concurrent.FutureTask.run(FutureTask.java:264)
	at java.base/java.util.concurrent.ThreadPoolExecutor.runWorker(ThreadPoolExecutor.java:1136)
	at java.base/java.util.concurrent.ThreadPoolExecutor$Worker.run(ThreadPoolExecutor.java:635)
	at java.base/java.lang.Thread.run(Thread.java:833)
</pre></div></td>
<td>0</td>
<td>com.crm.comcast.OrgTest.Test.CreatingOrganizationTest@4738a206</td></tr>
<tr>
<td title='com.crm.comcast.OrgTest.Test.CreatingOrganizationTest.createOrganizationUsingDataProviderTest()'><b>createOrganizationUsingDataProviderTest</b><br>Test class: com.crm.comcast.OrgTest.Test.CreatingOrganizationTest<br>Parameters: JIO, Telecommunications</td>
<td><div><pre>org.testng.TestNGException: 
Parameter &apos;browser&apos; is required by BeforeClass on method launchApplicationWindow but has not been marked @Optional or defined
in D:\EclipseWorkSpace\WorkSpace1\SDET34-SELENIUM_FRAMEWORK\testngDistributedParallelExecution.xml
	at java.base/java.util.ArrayList.forEach(ArrayList.java:1511)
	at java.base/java.util.concurrent.FutureTask.run(FutureTask.java:264)
	at java.base/java.util.concurrent.ThreadPoolExecutor.runWorker(ThreadPoolExecutor.java:1136)
	at java.base/java.util.concurrent.ThreadPoolExecutor$Worker.run(ThreadPoolExecutor.java:635)
	at java.base/java.lang.Thread.run(Thread.java:833)
... Removed 13 stack frames</pre></div><a href='#' onClick='toggleBox("stack-trace1515381727", this, "Click to show all stack frames", "Click to hide stack frames")'>Click to show all stack frames</a>
<div class='stack-trace' id='stack-trace1515381727'><pre>org.testng.TestNGException: 
Parameter &apos;browser&apos; is required by BeforeClass on method launchApplicationWindow but has not been marked @Optional or defined
in D:\EclipseWorkSpace\WorkSpace1\SDET34-SELENIUM_FRAMEWORK\testngDistributedParallelExecution.xml
	at org.testng.internal.Parameters.createParams(Parameters.java:270)
	at org.testng.internal.Parameters.createParametersForMethod(Parameters.java:358)
	at org.testng.internal.Parameters.createParameters(Parameters.java:700)
	at org.testng.internal.Parameters.createConfigurationParameters(Parameters.java:168)
	at org.testng.internal.ConfigInvoker.invokeConfigurations(ConfigInvoker.java:302)
	at org.testng.internal.TestMethodWorker.invokeBeforeClassMethods(TestMethodWorker.java:176)
	at org.testng.internal.TestMethodWorker.run(TestMethodWorker.java:122)
	at java.base/java.util.ArrayList.forEach(ArrayList.java:1511)
	at org.testng.TestRunner.privateRun(TestRunner.java:794)
	at org.testng.TestRunner.run(TestRunner.java:596)
	at org.testng.SuiteRunner.runTest(SuiteRunner.java:377)
	at org.testng.SuiteRunner.access$000(SuiteRunner.java:28)
	at org.testng.SuiteRunner$SuiteWorker.run(SuiteRunner.java:418)
	at org.testng.internal.thread.ThreadUtil.lambda$execute$0(ThreadUtil.java:64)
	at java.base/java.util.concurrent.FutureTask.run(FutureTask.java:264)
	at java.base/java.util.concurrent.ThreadPoolExecutor.runWorker(ThreadPoolExecutor.java:1136)
	at java.base/java.util.concurrent.ThreadPoolExecutor$Worker.run(ThreadPoolExecutor.java:635)
	at java.base/java.lang.Thread.run(Thread.java:833)
</pre></div></td>
<td>0</td>
<td>com.crm.comcast.OrgTest.Test.CreatingOrganizationTest@4738a206</td></tr>
<tr>
<td title='com.crm.comcast.OrgTest.Test.CreatingOrganizationTest.createOrganizationUsingDataProviderTest()'><b>createOrganizationUsingDataProviderTest</b><br>Test class: com.crm.comcast.OrgTest.Test.CreatingOrganizationTest<br>Parameters: LIC, Insurance</td>
<td><div><pre>org.testng.TestNGException: 
Parameter &apos;browser&apos; is required by BeforeClass on method launchApplicationWindow but has not been marked @Optional or defined
in D:\EclipseWorkSpace\WorkSpace1\SDET34-SELENIUM_FRAMEWORK\testngDistributedParallelExecution.xml
	at java.base/java.util.ArrayList.forEach(ArrayList.java:1511)
	at java.base/java.util.concurrent.FutureTask.run(FutureTask.java:264)
	at java.base/java.util.concurrent.ThreadPoolExecutor.runWorker(ThreadPoolExecutor.java:1136)
	at java.base/java.util.concurrent.ThreadPoolExecutor$Worker.run(ThreadPoolExecutor.java:635)
	at java.base/java.lang.Thread.run(Thread.java:833)
... Removed 13 stack frames</pre></div><a href='#' onClick='toggleBox("stack-trace1093390265", this, "Click to show all stack frames", "Click to hide stack frames")'>Click to show all stack frames</a>
<div class='stack-trace' id='stack-trace1093390265'><pre>org.testng.TestNGException: 
Parameter &apos;browser&apos; is required by BeforeClass on method launchApplicationWindow but has not been marked @Optional or defined
in D:\EclipseWorkSpace\WorkSpace1\SDET34-SELENIUM_FRAMEWORK\testngDistributedParallelExecution.xml
	at org.testng.internal.Parameters.createParams(Parameters.java:270)
	at org.testng.internal.Parameters.createParametersForMethod(Parameters.java:358)
	at org.testng.internal.Parameters.createParameters(Parameters.java:700)
	at org.testng.internal.Parameters.createConfigurationParameters(Parameters.java:168)
	at org.testng.internal.ConfigInvoker.invokeConfigurations(ConfigInvoker.java:302)
	at org.testng.internal.TestMethodWorker.invokeBeforeClassMethods(TestMethodWorker.java:176)
	at org.testng.internal.TestMethodWorker.run(TestMethodWorker.java:122)
	at java.base/java.util.ArrayList.forEach(ArrayList.java:1511)
	at org.testng.TestRunner.privateRun(TestRunner.java:794)
	at org.testng.TestRunner.run(TestRunner.java:596)
	at org.testng.SuiteRunner.runTest(SuiteRunner.java:377)
	at org.testng.SuiteRunner.access$000(SuiteRunner.java:28)
	at org.testng.SuiteRunner$SuiteWorker.run(SuiteRunner.java:418)
	at org.testng.internal.thread.ThreadUtil.lambda$execute$0(ThreadUtil.java:64)
	at java.base/java.util.concurrent.FutureTask.run(FutureTask.java:264)
	at java.base/java.util.concurrent.ThreadPoolExecutor.runWorker(ThreadPoolExecutor.java:1136)
	at java.base/java.util.concurrent.ThreadPoolExecutor$Worker.run(ThreadPoolExecutor.java:635)
	at java.base/java.lang.Thread.run(Thread.java:833)
</pre></div></td>
<td>0</td>
<td>com.crm.comcast.OrgTest.Test.CreatingOrganizationTest@4738a206</td></tr>
<tr>
<td title='com.crm.comcast.OrgTest.Test.CreatingOrganizationTest.createOrganizationUsingDataProviderTest()'><b>createOrganizationUsingDataProviderTest</b><br>Test class: com.crm.comcast.OrgTest.Test.CreatingOrganizationTest<br>Parameters: TCS, Technology</td>
<td><div><pre>org.testng.TestNGException: 
Parameter &apos;browser&apos; is required by BeforeClass on method launchApplicationWindow but has not been marked @Optional or defined
in D:\EclipseWorkSpace\WorkSpace1\SDET34-SELENIUM_FRAMEWORK\testngDistributedParallelExecution.xml
	at java.base/java.util.ArrayList.forEach(ArrayList.java:1511)
	at java.base/java.util.concurrent.FutureTask.run(FutureTask.java:264)
	at java.base/java.util.concurrent.ThreadPoolExecutor.runWorker(ThreadPoolExecutor.java:1136)
	at java.base/java.util.concurrent.ThreadPoolExecutor$Worker.run(ThreadPoolExecutor.java:635)
	at java.base/java.lang.Thread.run(Thread.java:833)
... Removed 13 stack frames</pre></div><a href='#' onClick='toggleBox("stack-trace1983956339", this, "Click to show all stack frames", "Click to hide stack frames")'>Click to show all stack frames</a>
<div class='stack-trace' id='stack-trace1983956339'><pre>org.testng.TestNGException: 
Parameter &apos;browser&apos; is required by BeforeClass on method launchApplicationWindow but has not been marked @Optional or defined
in D:\EclipseWorkSpace\WorkSpace1\SDET34-SELENIUM_FRAMEWORK\testngDistributedParallelExecution.xml
	at org.testng.internal.Parameters.createParams(Parameters.java:270)
	at org.testng.internal.Parameters.createParametersForMethod(Parameters.java:358)
	at org.testng.internal.Parameters.createParameters(Parameters.java:700)
	at org.testng.internal.Parameters.createConfigurationParameters(Parameters.java:168)
	at org.testng.internal.ConfigInvoker.invokeConfigurations(ConfigInvoker.java:302)
	at org.testng.internal.TestMethodWorker.invokeBeforeClassMethods(TestMethodWorker.java:176)
	at org.testng.internal.TestMethodWorker.run(TestMethodWorker.java:122)
	at java.base/java.util.ArrayList.forEach(ArrayList.java:1511)
	at org.testng.TestRunner.privateRun(TestRunner.java:794)
	at org.testng.TestRunner.run(TestRunner.java:596)
	at org.testng.SuiteRunner.runTest(SuiteRunner.java:377)
	at org.testng.SuiteRunner.access$000(SuiteRunner.java:28)
	at org.testng.SuiteRunner$SuiteWorker.run(SuiteRunner.java:418)
	at org.testng.internal.thread.ThreadUtil.lambda$execute$0(ThreadUtil.java:64)
	at java.base/java.util.concurrent.FutureTask.run(FutureTask.java:264)
	at java.base/java.util.concurrent.ThreadPoolExecutor.runWorker(ThreadPoolExecutor.java:1136)
	at java.base/java.util.concurrent.ThreadPoolExecutor$Worker.run(ThreadPoolExecutor.java:635)
	at java.base/java.lang.Thread.run(Thread.java:833)
</pre></div></td>
<td>0</td>
<td>com.crm.comcast.OrgTest.Test.CreatingOrganizationTest@4738a206</td></tr>
<tr>
<td title='com.crm.comcast.OrgTest.Test.CreatingOrganizationTest.createOrganizationUsingDataProviderTest()'><b>createOrganizationUsingDataProviderTest</b><br>Test class: com.crm.comcast.OrgTest.Test.CreatingOrganizationTest<br>Parameters: null, null</td>
<td><div><pre>org.testng.TestNGException: 
Parameter &apos;browser&apos; is required by BeforeClass on method launchApplicationWindow but has not been marked @Optional or defined
in D:\EclipseWorkSpace\WorkSpace1\SDET34-SELENIUM_FRAMEWORK\testngDistributedParallelExecution.xml
	at java.base/java.util.ArrayList.forEach(ArrayList.java:1511)
	at java.base/java.util.concurrent.FutureTask.run(FutureTask.java:264)
	at java.base/java.util.concurrent.ThreadPoolExecutor.runWorker(ThreadPoolExecutor.java:1136)
	at java.base/java.util.concurrent.ThreadPoolExecutor$Worker.run(ThreadPoolExecutor.java:635)
	at java.base/java.lang.Thread.run(Thread.java:833)
... Removed 13 stack frames</pre></div><a href='#' onClick='toggleBox("stack-trace665040923", this, "Click to show all stack frames", "Click to hide stack frames")'>Click to show all stack frames</a>
<div class='stack-trace' id='stack-trace665040923'><pre>org.testng.TestNGException: 
Parameter &apos;browser&apos; is required by BeforeClass on method launchApplicationWindow but has not been marked @Optional or defined
in D:\EclipseWorkSpace\WorkSpace1\SDET34-SELENIUM_FRAMEWORK\testngDistributedParallelExecution.xml
	at org.testng.internal.Parameters.createParams(Parameters.java:270)
	at org.testng.internal.Parameters.createParametersForMethod(Parameters.java:358)
	at org.testng.internal.Parameters.createParameters(Parameters.java:700)
	at org.testng.internal.Parameters.createConfigurationParameters(Parameters.java:168)
	at org.testng.internal.ConfigInvoker.invokeConfigurations(ConfigInvoker.java:302)
	at org.testng.internal.TestMethodWorker.invokeBeforeClassMethods(TestMethodWorker.java:176)
	at org.testng.internal.TestMethodWorker.run(TestMethodWorker.java:122)
	at java.base/java.util.ArrayList.forEach(ArrayList.java:1511)
	at org.testng.TestRunner.privateRun(TestRunner.java:794)
	at org.testng.TestRunner.run(TestRunner.java:596)
	at org.testng.SuiteRunner.runTest(SuiteRunner.java:377)
	at org.testng.SuiteRunner.access$000(SuiteRunner.java:28)
	at org.testng.SuiteRunner$SuiteWorker.run(SuiteRunner.java:418)
	at org.testng.internal.thread.ThreadUtil.lambda$execute$0(ThreadUtil.java:64)
	at java.base/java.util.concurrent.FutureTask.run(FutureTask.java:264)
	at java.base/java.util.concurrent.ThreadPoolExecutor.runWorker(ThreadPoolExecutor.java:1136)
	at java.base/java.util.concurrent.ThreadPoolExecutor$Worker.run(ThreadPoolExecutor.java:635)
	at java.base/java.lang.Thread.run(Thread.java:833)
</pre></div></td>
<td>0</td>
<td>com.crm.comcast.OrgTest.Test.CreatingOrganizationTest@4738a206</td></tr>
<tr>
<td title='com.crm.comcast.OrgTest.Test.CreatingOrganizationTest.createOrganizationUsingDataProviderTest()'><b>createOrganizationUsingDataProviderTest</b><br>Test class: com.crm.comcast.OrgTest.Test.CreatingOrganizationTest<br>Parameters: DRDO, Technology</td>
<td><div><pre>org.testng.TestNGException: 
Parameter &apos;browser&apos; is required by BeforeClass on method launchApplicationWindow but has not been marked @Optional or defined
in D:\EclipseWorkSpace\WorkSpace1\SDET34-SELENIUM_FRAMEWORK\testngDistributedParallelExecution.xml
	at java.base/java.util.ArrayList.forEach(ArrayList.java:1511)
	at java.base/java.util.concurrent.FutureTask.run(FutureTask.java:264)
	at java.base/java.util.concurrent.ThreadPoolExecutor.runWorker(ThreadPoolExecutor.java:1136)
	at java.base/java.util.concurrent.ThreadPoolExecutor$Worker.run(ThreadPoolExecutor.java:635)
	at java.base/java.lang.Thread.run(Thread.java:833)
... Removed 13 stack frames</pre></div><a href='#' onClick='toggleBox("stack-trace1393538422", this, "Click to show all stack frames", "Click to hide stack frames")'>Click to show all stack frames</a>
<div class='stack-trace' id='stack-trace1393538422'><pre>org.testng.TestNGException: 
Parameter &apos;browser&apos; is required by BeforeClass on method launchApplicationWindow but has not been marked @Optional or defined
in D:\EclipseWorkSpace\WorkSpace1\SDET34-SELENIUM_FRAMEWORK\testngDistributedParallelExecution.xml
	at org.testng.internal.Parameters.createParams(Parameters.java:270)
	at org.testng.internal.Parameters.createParametersForMethod(Parameters.java:358)
	at org.testng.internal.Parameters.createParameters(Parameters.java:700)
	at org.testng.internal.Parameters.createConfigurationParameters(Parameters.java:168)
	at org.testng.internal.ConfigInvoker.invokeConfigurations(ConfigInvoker.java:302)
	at org.testng.internal.TestMethodWorker.invokeBeforeClassMethods(TestMethodWorker.java:176)
	at org.testng.internal.TestMethodWorker.run(TestMethodWorker.java:122)
	at java.base/java.util.ArrayList.forEach(ArrayList.java:1511)
	at org.testng.TestRunner.privateRun(TestRunner.java:794)
	at org.testng.TestRunner.run(TestRunner.java:596)
	at org.testng.SuiteRunner.runTest(SuiteRunner.java:377)
	at org.testng.SuiteRunner.access$000(SuiteRunner.java:28)
	at org.testng.SuiteRunner$SuiteWorker.run(SuiteRunner.java:418)
	at org.testng.internal.thread.ThreadUtil.lambda$execute$0(ThreadUtil.java:64)
	at java.base/java.util.concurrent.FutureTask.run(FutureTask.java:264)
	at java.base/java.util.concurrent.ThreadPoolExecutor.runWorker(ThreadPoolExecutor.java:1136)
	at java.base/java.util.concurrent.ThreadPoolExecutor$Worker.run(ThreadPoolExecutor.java:635)
	at java.base/java.lang.Thread.run(Thread.java:833)
</pre></div></td>
<td>0</td>
<td>com.crm.comcast.OrgTest.Test.CreatingOrganizationTest@4738a206</td></tr>
<tr>
<td title='com.crm.comcast.OrgTest.Test.CreatingOrganizationTest.createOrganizationUsingDataProviderTest()'><b>createOrganizationUsingDataProviderTest</b><br>Test class: com.crm.comcast.OrgTest.Test.CreatingOrganizationTest<br>Parameters: Tata Solar , Environmental</td>
<td><div><pre>org.testng.TestNGException: 
Parameter &apos;browser&apos; is required by BeforeClass on method launchApplicationWindow but has not been marked @Optional or defined
in D:\EclipseWorkSpace\WorkSpace1\SDET34-SELENIUM_FRAMEWORK\testngDistributedParallelExecution.xml
	at java.base/java.util.ArrayList.forEach(ArrayList.java:1511)
	at java.base/java.util.concurrent.FutureTask.run(FutureTask.java:264)
	at java.base/java.util.concurrent.ThreadPoolExecutor.runWorker(ThreadPoolExecutor.java:1136)
	at java.base/java.util.concurrent.ThreadPoolExecutor$Worker.run(ThreadPoolExecutor.java:635)
	at java.base/java.lang.Thread.run(Thread.java:833)
... Removed 13 stack frames</pre></div><a href='#' onClick='toggleBox("stack-trace1515858179", this, "Click to show all stack frames", "Click to hide stack frames")'>Click to show all stack frames</a>
<div class='stack-trace' id='stack-trace1515858179'><pre>org.testng.TestNGException: 
Parameter &apos;browser&apos; is required by BeforeClass on method launchApplicationWindow but has not been marked @Optional or defined
in D:\EclipseWorkSpace\WorkSpace1\SDET34-SELENIUM_FRAMEWORK\testngDistributedParallelExecution.xml
	at org.testng.internal.Parameters.createParams(Parameters.java:270)
	at org.testng.internal.Parameters.createParametersForMethod(Parameters.java:358)
	at org.testng.internal.Parameters.createParameters(Parameters.java:700)
	at org.testng.internal.Parameters.createConfigurationParameters(Parameters.java:168)
	at org.testng.internal.ConfigInvoker.invokeConfigurations(ConfigInvoker.java:302)
	at org.testng.internal.TestMethodWorker.invokeBeforeClassMethods(TestMethodWorker.java:176)
	at org.testng.internal.TestMethodWorker.run(TestMethodWorker.java:122)
	at java.base/java.util.ArrayList.forEach(ArrayList.java:1511)
	at org.testng.TestRunner.privateRun(TestRunner.java:794)
	at org.testng.TestRunner.run(TestRunner.java:596)
	at org.testng.SuiteRunner.runTest(SuiteRunner.java:377)
	at org.testng.SuiteRunner.access$000(SuiteRunner.java:28)
	at org.testng.SuiteRunner$SuiteWorker.run(SuiteRunner.java:418)
	at org.testng.internal.thread.ThreadUtil.lambda$execute$0(ThreadUtil.java:64)
	at java.base/java.util.concurrent.FutureTask.run(FutureTask.java:264)
	at java.base/java.util.concurrent.ThreadPoolExecutor.runWorker(ThreadPoolExecutor.java:1136)
	at java.base/java.util.concurrent.ThreadPoolExecutor$Worker.run(ThreadPoolExecutor.java:635)
	at java.base/java.lang.Thread.run(Thread.java:833)
</pre></div></td>
<td>0</td>
<td>com.crm.comcast.OrgTest.Test.CreatingOrganizationTest@4738a206</td></tr>
<tr>
<td title='com.crm.comcast.OrgTest.Test.CreatingOrganizationTest.createOrganizationUsingDataProviderTest()'><b>createOrganizationUsingDataProviderTest</b><br>Test class: com.crm.comcast.OrgTest.Test.CreatingOrganizationTest<br>Parameters: Tata Cancer Care Institute, Healthcare</td>
<td><div><pre>org.testng.TestNGException: 
Parameter &apos;browser&apos; is required by BeforeClass on method launchApplicationWindow but has not been marked @Optional or defined
in D:\EclipseWorkSpace\WorkSpace1\SDET34-SELENIUM_FRAMEWORK\testngDistributedParallelExecution.xml
	at java.base/java.util.ArrayList.forEach(ArrayList.java:1511)
	at java.base/java.util.concurrent.FutureTask.run(FutureTask.java:264)
	at java.base/java.util.concurrent.ThreadPoolExecutor.runWorker(ThreadPoolExecutor.java:1136)
	at java.base/java.util.concurrent.ThreadPoolExecutor$Worker.run(ThreadPoolExecutor.java:635)
	at java.base/java.lang.Thread.run(Thread.java:833)
... Removed 13 stack frames</pre></div><a href='#' onClick='toggleBox("stack-trace1847481697", this, "Click to show all stack frames", "Click to hide stack frames")'>Click to show all stack frames</a>
<div class='stack-trace' id='stack-trace1847481697'><pre>org.testng.TestNGException: 
Parameter &apos;browser&apos; is required by BeforeClass on method launchApplicationWindow but has not been marked @Optional or defined
in D:\EclipseWorkSpace\WorkSpace1\SDET34-SELENIUM_FRAMEWORK\testngDistributedParallelExecution.xml
	at org.testng.internal.Parameters.createParams(Parameters.java:270)
	at org.testng.internal.Parameters.createParametersForMethod(Parameters.java:358)
	at org.testng.internal.Parameters.createParameters(Parameters.java:700)
	at org.testng.internal.Parameters.createConfigurationParameters(Parameters.java:168)
	at org.testng.internal.ConfigInvoker.invokeConfigurations(ConfigInvoker.java:302)
	at org.testng.internal.TestMethodWorker.invokeBeforeClassMethods(TestMethodWorker.java:176)
	at org.testng.internal.TestMethodWorker.run(TestMethodWorker.java:122)
	at java.base/java.util.ArrayList.forEach(ArrayList.java:1511)
	at org.testng.TestRunner.privateRun(TestRunner.java:794)
	at org.testng.TestRunner.run(TestRunner.java:596)
	at org.testng.SuiteRunner.runTest(SuiteRunner.java:377)
	at org.testng.SuiteRunner.access$000(SuiteRunner.java:28)
	at org.testng.SuiteRunner$SuiteWorker.run(SuiteRunner.java:418)
	at org.testng.internal.thread.ThreadUtil.lambda$execute$0(ThreadUtil.java:64)
	at java.base/java.util.concurrent.FutureTask.run(FutureTask.java:264)
	at java.base/java.util.concurrent.ThreadPoolExecutor.runWorker(ThreadPoolExecutor.java:1136)
	at java.base/java.util.concurrent.ThreadPoolExecutor$Worker.run(ThreadPoolExecutor.java:635)
	at java.base/java.lang.Thread.run(Thread.java:833)
</pre></div></td>
<td>0</td>
<td>com.crm.comcast.OrgTest.Test.CreatingOrganizationTest@4738a206</td></tr>
</table><p>
</body>
</html>