<?xml version="1.0" encoding="UTF-8"?>
<!-- Generated by org.testng.reporters.JUnitXMLReporter -->
<testsuite ignored="8" hostname="idea-PC" failures="2" tests="20" name="Test" time="270.479" errors="0" timestamp="2022-05-05T15:34:44 IST">
  <testcase classname="com.crm.comcast.CampaignsTest.Test.CreatingCampaignTest" name="createCampainTest" time="9.391"/>
  <testcase classname="com.crm.comcast.CampaignsTest.Test.CreatingCampaignTest" name="createCampainWithProductTest" time="17.955"/>
  <testcase classname="com.crm.comcast.OrgTest.Test.CreatingOrganizationTest" name="createOrganizationTest" time="0.192">
    <failure type="java.lang.NullPointerException" message="Cannot invoke &amp;quot;org.apache.poi.ss.usermodel.Row.getCell(int)&amp;quot; because the return value of &amp;quot;org.apache.poi.ss.usermodel.Sheet.getRow(int)&amp;quot; is null">
      <![CDATA[java.lang.NullPointerException: Cannot invoke "org.apache.poi.ss.usermodel.Row.getCell(int)" because the return value of "org.apache.poi.ss.usermodel.Sheet.getRow(int)" is null
at com.crm.comcast.GenericUtility.ExcelUtitlity.getData(ExcelUtitlity.java:30)
at com.crm.comcast.OrgTest.Test.CreatingOrganizationTest.createOrganizationTest(CreatingOrganizationTest.java:21)
at java.base/java.util.ArrayList.forEach(ArrayList.java:1511)
... Removed 27 stack frames]]>
    </failure>
  </testcase> <!-- createOrganizationTest -->
  <testcase classname="com.crm.comcast.OrgTest.Test.CreatingOrganizationTest" name="createOrganizationUsingDataProviderTest" time="5.981">
    <failure type="java.lang.NullPointerException" message="Cannot invoke &amp;quot;String.contains(java.lang.CharSequence)&amp;quot; because &amp;quot;toEscape&amp;quot; is null">
      <![CDATA[java.lang.NullPointerException: Cannot invoke "String.contains(java.lang.CharSequence)" because "toEscape" is null
at org.openqa.selenium.support.ui.Quotes.escape(Quotes.java:42)
at org.openqa.selenium.support.ui.Select.selectByVisibleText(Select.java:113)
at com.crm.comcast.GenericUtility.WebDriverUtility.selectElementByVisibleText(WebDriverUtility.java:132)
at com.crm.comcast.OrgTest.Test.CreatingOrganizationTest.createOrganizationUsingDataProviderTest(CreatingOrganizationTest.java:56)
at java.base/java.util.ArrayList.forEach(ArrayList.java:1511)
... Removed 27 stack frames]]>
    </failure>
  </testcase> <!-- createOrganizationUsingDataProviderTest -->
  <testcase classname="com.crm.comcast.OrgTest.Test.CreatingOrganizationTest" name="createOrganizationUsingDataProviderTest" time="8.824"/>
  <testcase classname="com.crm.comcast.OrgTest.Test.CreatingOrganizationTest" name="createOrganizationUsingDataProviderTest" time="9.258"/>
  <testcase classname="com.crm.comcast.OrgTest.Test.CreatingOrganizationTest" name="createOrganizationUsingDataProviderTest" time="8.93"/>
  <testcase classname="com.crm.comcast.OrgTest.Test.CreatingOrganizationTest" name="createOrganizationUsingDataProviderTest" time="9.265"/>
  <testcase classname="com.crm.comcast.OrgTest.Test.CreatingOrganizationTest" name="createOrganizationUsingDataProviderTest" time="8.886"/>
  <testcase classname="com.crm.comcast.OrgTest.Test.CreatingOrganizationTest" name="createOrganizationUsingDataProviderTest" time="8.876"/>
  <testcase classname="com.crm.comcast.OrgTest.Test.CreatingOrganizationTest" name="createOrganizationUsingDataProviderTest" time="8.796"/>
  <testcase classname="com.crm.comcast.OrgTest.Test.CreatingOrganizationTest" name="createOrganizationUsingDataProviderTest" time="9.381"/>
  <testcase classname="com.crm.comcast.OrgTest.Test.CreatingOrganizationTest" name="createOrganizationUsingDataProviderTest" time="9.245"/>
  <testcase classname="com.crm.comcast.OrgTest.Test.CreatingOrganizationTest" name="createOrganizationUsingDataProviderTest" time="9.078"/>
  <testcase classname="com.crm.comcast.OrgTest.Test.CreatingOrganizationTest" name="createOrganizationUsingDataProviderTest" time="9.259"/>
  <testcase classname="com.crm.comcast.ContactTest.test.CreatingContactTest" name="contactEditTest" time="14.151"/>
  <testcase classname="com.crm.comcast.ContactTest.test.CreatingContactTest" name="crateContactAndDeleteSameContactTest" time="11.133"/>
  <testcase classname="com.crm.comcast.ContactTest.test.CreatingContactTest" name="crateContactWithoutMandatoryFieldTest" time="5.231"/>
  <testcase classname="com.crm.comcast.ContactTest.test.CreatingContactTest" name="createContactInSupportGroupTest" time="8.289"/>
  <testcase classname="com.crm.comcast.ContactTest.test.CreatingContactTest" name="deleteContactTest" time="3.707"/>
  <testcase classname="com.crm.comcast.GenericUtility.BaseClassForVtiger" name="@AfterTest closeBrowser" time="0.0">
    <ignored/>
  </testcase> <!-- @AfterTest closeBrowser -->
  <testcase classname="com.crm.comcast.GenericUtility.BaseClassForVtiger" name="@AfterTest closeBrowser" time="0.0">
    <ignored/>
  </testcase> <!-- @AfterTest closeBrowser -->
  <testcase classname="com.crm.comcast.GenericUtility.BaseClassForVtiger" name="@BeforeSuite openDataBaseConnection" time="0.0">
    <ignored/>
  </testcase> <!-- @BeforeSuite openDataBaseConnection -->
  <testcase classname="com.crm.comcast.GenericUtility.BaseClassForVtiger" name="@BeforeSuite openDataBaseConnection" time="0.0">
    <ignored/>
  </testcase> <!-- @BeforeSuite openDataBaseConnection -->
  <testcase classname="com.crm.comcast.GenericUtility.BaseClassForVtiger" name="@AfterSuite closeDataBaseConnection" time="0.0">
    <ignored/>
  </testcase> <!-- @AfterSuite closeDataBaseConnection -->
  <testcase classname="com.crm.comcast.GenericUtility.BaseClassForVtiger" name="@AfterSuite closeDataBaseConnection" time="0.0">
    <ignored/>
  </testcase> <!-- @AfterSuite closeDataBaseConnection -->
  <testcase classname="com.crm.comcast.GenericUtility.BaseClassForVtiger" name="@BeforeTest openBrowser" time="0.0">
    <ignored/>
  </testcase> <!-- @BeforeTest openBrowser -->
  <testcase classname="com.crm.comcast.GenericUtility.BaseClassForVtiger" name="@BeforeTest openBrowser" time="0.0">
    <ignored/>
  </testcase> <!-- @BeforeTest openBrowser -->
</testsuite> <!-- Test -->
