<?xml version="1.0" encoding="UTF-8"?>
<!-- Generated by org.testng.reporters.JUnitXMLReporter -->
<testsuite ignored="10" hostname="idea-PC" failures="1" tests="18" name="Test" time="253.786" errors="0" timestamp="2022-05-05T16:06:48 IST">
  <testcase classname="com.crm.comcast.CampaignsTest.Test.CreatingCampaignTest" name="createCampainWithProductTest" time="16.929"/>
  <testcase classname="com.crm.comcast.OrgTest.Test.CreatingOrganizationTest" name="createOrganizationUsingDataProviderTest" time="6.098">
    <failure type="java.lang.NullPointerException" message="Cannot invoke &amp;quot;String.contains(java.lang.CharSequence)&amp;quot; because &amp;quot;toEscape&amp;quot; is null">
      <![CDATA[java.lang.NullPointerException: Cannot invoke "String.contains(java.lang.CharSequence)" because "toEscape" is null
at org.openqa.selenium.support.ui.Quotes.escape(Quotes.java:42)
at org.openqa.selenium.support.ui.Select.selectByVisibleText(Select.java:113)
at com.crm.comcast.GenericUtility.WebDriverUtility.selectElementByVisibleText(WebDriverUtility.java:132)
at com.crm.comcast.OrgTest.Test.CreatingOrganizationTest.createOrganizationUsingDataProviderTest(CreatingOrganizationTest.java:56)
at java.base/java.util.ArrayList.forEach(ArrayList.java:1511)
... Removed 27 stack frames]]>
    </failure>
  </testcase> <!-- createOrganizationUsingDataProviderTest -->
  <testcase classname="com.crm.comcast.OrgTest.Test.CreatingOrganizationTest" name="createOrganizationUsingDataProviderTest" time="9.156"/>
  <testcase classname="com.crm.comcast.OrgTest.Test.CreatingOrganizationTest" name="createOrganizationUsingDataProviderTest" time="8.262"/>
  <testcase classname="com.crm.comcast.OrgTest.Test.CreatingOrganizationTest" name="createOrganizationUsingDataProviderTest" time="8.564"/>
  <testcase classname="com.crm.comcast.OrgTest.Test.CreatingOrganizationTest" name="createOrganizationUsingDataProviderTest" time="8.608"/>
  <testcase classname="com.crm.comcast.OrgTest.Test.CreatingOrganizationTest" name="createOrganizationUsingDataProviderTest" time="8.595"/>
  <testcase classname="com.crm.comcast.OrgTest.Test.CreatingOrganizationTest" name="createOrganizationUsingDataProviderTest" time="8.675"/>
  <testcase classname="com.crm.comcast.OrgTest.Test.CreatingOrganizationTest" name="createOrganizationUsingDataProviderTest" time="8.974"/>
  <testcase classname="com.crm.comcast.OrgTest.Test.CreatingOrganizationTest" name="createOrganizationUsingDataProviderTest" time="8.691"/>
  <testcase classname="com.crm.comcast.OrgTest.Test.CreatingOrganizationTest" name="createOrganizationUsingDataProviderTest" time="8.728"/>
  <testcase classname="com.crm.comcast.OrgTest.Test.CreatingOrganizationTest" name="createOrganizationUsingDataProviderTest" time="8.805"/>
  <testcase classname="com.crm.comcast.OrgTest.Test.CreatingOrganizationTest" name="createOrganizationUsingDataProviderTest" time="8.761"/>
  <testcase classname="com.crm.comcast.ContactTest.test.CreatingContactTest" name="contactEditTest" time="15.242"/>
  <testcase classname="com.crm.comcast.ContactTest.test.CreatingContactTest" name="crateContactAndDeleteSameContactTest" time="11.881"/>
  <testcase classname="com.crm.comcast.ContactTest.test.CreatingContactTest" name="crateContactWithoutMandatoryFieldTest" time="5.417"/>
  <testcase classname="com.crm.comcast.ContactTest.test.CreatingContactTest" name="createContactInSupportGroupTest" time="8.73"/>
  <testcase classname="com.crm.comcast.ContactTest.test.CreatingContactTest" name="deleteContactTest" time="3.805"/>
  <testcase classname="com.crm.comcast.GenericUtility.BaseClassForVtiger" name="@AfterTest closeBrowser" time="0.0">
    <ignored/>
  </testcase> <!-- @AfterTest closeBrowser -->
  <testcase classname="com.crm.comcast.GenericUtility.BaseClassForVtiger" name="@AfterTest closeBrowser" time="0.0">
    <ignored/>
  </testcase> <!-- @AfterTest closeBrowser -->
  <testcase classname="com.crm.comcast.GenericUtility.BaseClassForVtiger" name="@BeforeSuite openDataBaseConnection" time="0.0">
    <ignored/>
  </testcase> <!-- @BeforeSuite openDataBaseConnection -->
  <testcase classname="com.crm.comcast.GenericUtility.BaseClassForVtiger" name="@BeforeSuite openDataBaseConnection" time="0.0">
    <ignored/>
  </testcase> <!-- @BeforeSuite openDataBaseConnection -->
  <testcase classname="com.crm.comcast.GenericUtility.BaseClassForVtiger" name="@AfterSuite closeDataBaseConnection" time="0.0">
    <ignored/>
  </testcase> <!-- @AfterSuite closeDataBaseConnection -->
  <testcase classname="com.crm.comcast.GenericUtility.BaseClassForVtiger" name="@AfterSuite closeDataBaseConnection" time="0.0">
    <ignored/>
  </testcase> <!-- @AfterSuite closeDataBaseConnection -->
  <testcase classname="com.crm.comcast.CampaignsTest.Test.CreatingCampaignTest" name="createCampainTest" time="0.0">
    <ignored/>
  </testcase> <!-- createCampainTest -->
  <testcase classname="com.crm.comcast.GenericUtility.BaseClassForVtiger" name="@BeforeTest openBrowser" time="0.0">
    <ignored/>
  </testcase> <!-- @BeforeTest openBrowser -->
  <testcase classname="com.crm.comcast.GenericUtility.BaseClassForVtiger" name="@BeforeTest openBrowser" time="0.0">
    <ignored/>
  </testcase> <!-- @BeforeTest openBrowser -->
  <testcase classname="com.crm.comcast.OrgTest.Test.CreatingOrganizationTest" name="createOrganizationTest" time="0.0">
    <ignored/>
  </testcase> <!-- createOrganizationTest -->
</testsuite> <!-- Test -->
