<?xml version="1.0" encoding="UTF-8"?>
<!-- Generated by org.testng.reporters.JUnitXMLReporter -->
<testsuite ignored="0" hostname="idea-PC" failures="2" tests="17" name="Test-Runner-1" time="316.195" errors="0" timestamp="2022-05-11T07:00:21 IST">
  <testcase classname="com.crm.comcast.OrgTest.Test.CreatingOrganizationTest" name="createOrganizationTest" time="28.62">
    <failure type="org.openqa.selenium.NoSuchElementException" message="no such element: Unable to locate element: {&amp;quot;method&amp;quot;:&amp;quot;css selector&amp;quot;,&amp;quot;selector&amp;quot;:&amp;quot;*[name=&amp;apos;accountname&amp;apos;]&amp;quot;}
  (Session info: chrome=101.0.4951.54)
For documentation on this error, please visit: https://www.seleniumhq.org/exceptions/no_such_element.html
Build info: version: &amp;apos;3.141.59&amp;apos;, revision: &amp;apos;e82be7d358&amp;apos;, time: &amp;apos;2018-11-14T08:17:03&amp;apos;
System info: host: &amp;apos;IDEA-PC&amp;apos;, ip: &amp;apos;192.168.0.114&amp;apos;, os.name: &amp;apos;Windows 8&amp;apos;, os.arch: &amp;apos;amd64&amp;apos;, os.version: &amp;apos;6.2&amp;apos;, java.version: &amp;apos;17.0.2&amp;apos;
Driver info: org.openqa.selenium.chrome.ChromeDriver
Capabilities {acceptInsecureCerts: false, browserName: chrome, browserVersion: 101.0.4951.54, chrome: {chromedriverVersion: 101.0.4951.41 (93c720db8323..., userDataDir: C:\Users\BHASKA~1\AppData\L...}, goog:chromeOptions: {debuggerAddress: localhost:58823}, javascriptEnabled: true, networkConnectionEnabled: false, pageLoadStrategy: normal, platform: WINDOWS, platformName: WINDOWS, proxy: Proxy(), setWindowRect: true, strictFileInteractability: false, timeouts: {implicit: 0, pageLoad: 300000, script: 30000}, unhandledPromptBehavior: dismiss and notify, webauthn:extension:credBlob: true, webauthn:extension:largeBlob: true, webauthn:virtualAuthenticators: true}
Session ID: b78c02c54f1101aa97e339acb4b408f5
*** Element info: {Using=name, value=accountname}">
      <![CDATA[org.openqa.selenium.NoSuchElementException: no such element: Unable to locate element: {"method":"css selector","selector":"*[name='accountname']"}
  (Session info: chrome=101.0.4951.54)
For documentation on this error, please visit: https://www.seleniumhq.org/exceptions/no_such_element.html
Build info: version: '3.141.59', revision: 'e82be7d358', time: '2018-11-14T08:17:03'
System info: host: 'IDEA-PC', ip: '192.168.0.114', os.name: 'Windows 8', os.arch: 'amd64', os.version: '6.2', java.version: '17.0.2'
Driver info: org.openqa.selenium.chrome.ChromeDriver
Capabilities {acceptInsecureCerts: false, browserName: chrome, browserVersion: 101.0.4951.54, chrome: {chromedriverVersion: 101.0.4951.41 (93c720db8323..., userDataDir: C:\Users\BHASKA~1\AppData\L...}, goog:chromeOptions: {debuggerAddress: localhost:58823}, javascriptEnabled: true, networkConnectionEnabled: false, pageLoadStrategy: normal, platform: WINDOWS, platformName: WINDOWS, proxy: Proxy(), setWindowRect: true, strictFileInteractability: false, timeouts: {implicit: 0, pageLoad: 300000, script: 30000}, unhandledPromptBehavior: dismiss and notify, webauthn:extension:credBlob: true, webauthn:extension:largeBlob: true, webauthn:virtualAuthenticators: true}
Session ID: b78c02c54f1101aa97e339acb4b408f5
*** Element info: {Using=name, value=accountname}
at org.openqa.selenium.remote.http.W3CHttpResponseCodec.createException(W3CHttpResponseCodec.java:187)
at org.openqa.selenium.remote.http.W3CHttpResponseCodec.decode(W3CHttpResponseCodec.java:122)
at org.openqa.selenium.remote.http.W3CHttpResponseCodec.decode(W3CHttpResponseCodec.java:49)
at org.openqa.selenium.remote.HttpCommandExecutor.execute(HttpCommandExecutor.java:158)
at org.openqa.selenium.remote.service.DriverCommandExecutor.execute(DriverCommandExecutor.java:83)
at org.openqa.selenium.remote.RemoteWebDriver.execute(RemoteWebDriver.java:552)
at org.openqa.selenium.remote.RemoteWebDriver.findElement(RemoteWebDriver.java:323)
at org.openqa.selenium.remote.RemoteWebDriver.findElementByName(RemoteWebDriver.java:404)
at org.openqa.selenium.By$ByName.findElement(By.java:284)
at org.openqa.selenium.remote.RemoteWebDriver.findElement(RemoteWebDriver.java:315)
at org.openqa.selenium.support.pagefactory.DefaultElementLocator.findElement(DefaultElementLocator.java:69)
at org.openqa.selenium.support.pagefactory.internal.LocatingElementHandler.invoke(LocatingElementHandler.java:38)
at jdk.proxy2/jdk.proxy2.$Proxy19.sendKeys(Unknown Source)
at com.crm.comcast.OrgTest.Test.CreatingOrganizationTest.createOrganizationTest(CreatingOrganizationTest.java:30)
at java.base/java.util.ArrayList.forEach(ArrayList.java:1511)
... Removed 32 stack frames]]>
    </failure>
  </testcase> <!-- createOrganizationTest -->
  <testcase classname="com.crm.comcast.OrgTest.Test.CreatingOrganizationTest" name="createOrganizationUsingDataProviderTest" time="25.33">
    <skipped/>
  </testcase> <!-- createOrganizationUsingDataProviderTest -->
  <testcase classname="com.crm.comcast.OrgTest.Test.CreatingOrganizationTest" name="createOrganizationUsingDataProviderTest" time="6.946">
    <skipped/>
  </testcase> <!-- createOrganizationUsingDataProviderTest -->
  <testcase classname="com.crm.comcast.OrgTest.Test.CreatingOrganizationTest" name="createOrganizationUsingDataProviderTest" time="6.924">
    <skipped/>
  </testcase> <!-- createOrganizationUsingDataProviderTest -->
  <testcase classname="com.crm.comcast.OrgTest.Test.CreatingOrganizationTest" name="createOrganizationUsingDataProviderTest" time="6.733">
    <skipped/>
  </testcase> <!-- createOrganizationUsingDataProviderTest -->
  <testcase classname="com.crm.comcast.OrgTest.Test.CreatingOrganizationTest" name="createOrganizationUsingDataProviderTest" time="6.63">
    <failure type="java.lang.NullPointerException" message="Cannot invoke &amp;quot;String.contains(java.lang.CharSequence)&amp;quot; because &amp;quot;toEscape&amp;quot; is null">
      <![CDATA[java.lang.NullPointerException: Cannot invoke "String.contains(java.lang.CharSequence)" because "toEscape" is null
at org.openqa.selenium.support.ui.Quotes.escape(Quotes.java:42)
at org.openqa.selenium.support.ui.Select.selectByVisibleText(Select.java:113)
at com.crm.comcast.GenericUtility.WebDriverUtility.selectElementByVisibleText(WebDriverUtility.java:132)
at com.crm.comcast.OrgTest.Test.CreatingOrganizationTest.createOrganizationUsingDataProviderTest(CreatingOrganizationTest.java:57)
at java.base/java.util.ArrayList.forEach(ArrayList.java:1511)
... Removed 27 stack frames]]>
    </failure>
  </testcase> <!-- createOrganizationUsingDataProviderTest -->
  <testcase classname="com.crm.comcast.OrgTest.Test.CreatingOrganizationTest" name="createOrganizationUsingDataProviderTest" time="23.122"/>
  <testcase classname="com.crm.comcast.OrgTest.Test.CreatingOrganizationTest" name="createOrganizationUsingDataProviderTest" time="12.033"/>
  <testcase classname="com.crm.comcast.OrgTest.Test.CreatingOrganizationTest" name="createOrganizationUsingDataProviderTest" time="11.976"/>
  <testcase classname="com.crm.comcast.OrgTest.Test.CreatingOrganizationTest" name="createOrganizationUsingDataProviderTest" time="12.108"/>
  <testcase classname="com.crm.comcast.OrgTest.Test.CreatingOrganizationTest" name="createOrganizationUsingDataProviderTest" time="12.448"/>
  <testcase classname="com.crm.comcast.OrgTest.Test.CreatingOrganizationTest" name="createOrganizationUsingDataProviderTest" time="16.499"/>
  <testcase classname="com.crm.comcast.OrgTest.Test.CreatingOrganizationTest" name="createOrganizationUsingDataProviderTest" time="10.706"/>
  <testcase classname="com.crm.comcast.OrgTest.Test.CreatingOrganizationTest" name="createOrganizationUsingDataProviderTest" time="10.813"/>
  <testcase classname="com.crm.comcast.OrgTest.Test.CreatingOrganizationTest" name="createOrganizationUsingDataProviderTest" time="11.068"/>
  <testcase classname="com.crm.comcast.OrgTest.Test.CreatingOrganizationTest" name="createOrganizationUsingDataProviderTest" time="10.376"/>
  <testcase classname="com.crm.comcast.OrgTest.Test.CreatingOrganizationTest" name="createOrganizationUsingDataProviderTest" time="11.614"/>
</testsuite> <!-- Test-Runner-1 -->
