<?xml version="1.0" encoding="UTF-8"?>
<!-- Generated by org.testng.reporters.JUnitXMLReporter -->
<testsuite ignored="3" hostname="idea-PC" failures="2" tests="11" name="Test-Runner-2" time="254.193" errors="0" timestamp="2022-05-11T07:04:36 IST">
  <testcase classname="com.crm.comcast.CampaignsTest.Test.CreatingCampaignTest" name="createCampainTest" time="14.957">
    <failure type="java.lang.AssertionError" message=" is not created and verification --&amp;gt;fail expected [TestYantra Hackathon Campaign9516] but found [[ CAM65 ] TestYantra Hackathon Campaign9516 - Campaign Information]">
      <![CDATA[java.lang.AssertionError:  is not created and verification -->fail expected [TestYantra Hackathon Campaign9516] but found [[ CAM65 ] TestYantra Hackathon Campaign9516 - Campaign Information]
at com.crm.comcast.CampaignsTest.Test.CreatingCampaignTest.createCampainTest(CreatingCampaignTest.java:51)
at java.base/java.util.ArrayList.forEach(ArrayList.java:1511)
... Removed 32 stack frames]]>
    </failure>
  </testcase> <!-- createCampainTest -->
  <testcase classname="com.crm.comcast.CampaignsTest.Test.CreatingCampaignTest" name="createCampainWithProductTest" time="49.562">
    <skipped/>
  </testcase> <!-- createCampainWithProductTest -->
  <testcase classname="com.crm.comcast.CampaignsTest.Test.CreatingCampaignTest" name="createCampainWithProductTest" time="15.811">
    <skipped/>
  </testcase> <!-- createCampainWithProductTest -->
  <testcase classname="com.crm.comcast.CampaignsTest.Test.CreatingCampaignTest" name="createCampainWithProductTest" time="17.388">
    <skipped/>
  </testcase> <!-- createCampainWithProductTest -->
  <testcase classname="com.crm.comcast.CampaignsTest.Test.CreatingCampaignTest" name="createCampainWithProductTest" time="16.771">
    <skipped/>
  </testcase> <!-- createCampainWithProductTest -->
  <testcase classname="com.crm.comcast.CampaignsTest.Test.CreatingCampaignTest" name="createCampainWithProductTest" time="16.765">
    <failure type="java.lang.AssertionError" message="BHEESHMA T 90 TANK3771 expected:&amp;lt;BHEESHMA T 90 TANK3771&amp;gt; but was:&amp;lt;Selected product is not verified ++.FAIL&amp;gt;">
      <![CDATA[java.lang.AssertionError: BHEESHMA T 90 TANK3771 expected:<BHEESHMA T 90 TANK3771> but was:<Selected product is not verified ++.FAIL>
at com.crm.comcast.CampaignsTest.Test.CreatingCampaignTest.createCampainWithProductTest(CreatingCampaignTest.java:101)
at java.base/java.util.ArrayList.forEach(ArrayList.java:1511)
... Removed 28 stack frames]]>
    </failure>
  </testcase> <!-- createCampainWithProductTest -->
  <testcase classname="com.crm.comcast.ContactTest.test.CreatingContactTest" name="contactEditTest" time="18.031"/>
  <testcase classname="com.crm.comcast.ContactTest.test.CreatingContactTest" name="crateContactAndDeleteSameContactTest" time="13.847"/>
  <testcase classname="com.crm.comcast.ContactTest.test.CreatingContactTest" name="crateContactWithoutMandatoryFieldTest" time="7.007"/>
  <testcase classname="com.crm.comcast.ContactTest.test.CreatingContactTest" name="createContactInSupportGroupTest" time="9.911"/>
  <testcase classname="com.crm.comcast.ContactTest.test.CreatingContactTest" name="deleteContactTest" time="4.499"/>
  <testcase classname="com.crm.comcast.GenericUtility.BaseAnnotaionConfigClass" name="@AfterSuite closeDataBaseConnection" time="0.0">
    <ignored/>
  </testcase> <!-- @AfterSuite closeDataBaseConnection -->
  <testcase classname="com.crm.comcast.GenericUtility.BaseAnnotaionConfigClass" name="@BeforeSuite openDataBaseConnection" time="0.0">
    <ignored/>
  </testcase> <!-- @BeforeSuite openDataBaseConnection -->
  <testcase classname="com.crm.comcast.GenericUtility.BaseAnnotaionConfigClass" name="@AfterTest closeBrowser" time="0.0">
    <ignored/>
  </testcase> <!-- @AfterTest closeBrowser -->
</testsuite> <!-- Test-Runner-2 -->
